Log file open, 06/13/24 17:14:43
LogWindows: Failed to load 'aqProf.dll' (GetLastError=126)
LogWindows: File 'aqProf.dll' does not exist
LogWindows: Failed to load 'VtuneApi.dll' (GetLastError=126)
LogWindows: File 'VtuneApi.dll' does not exist
LogWindows: Failed to load 'VtuneApi32e.dll' (GetLastError=126)
LogWindows: File 'VtuneApi32e.dll' does not exist
LogConsoleResponse: Display: Failed to find resolution value strings in scalability ini. Falling back to default.
LogConsoleResponse: Display: Failed to find resolution value strings in scalability ini. Falling back to default.
LogInit: Display: Running engine for game: HackerBoy
LogPlatformFile: Not using cached read wrapper
LogTaskGraph: Started task graph with 5 named threads and 35 total threads with 3 sets of task threads.
LogStats: Stats thread started at 0.198646
LogICUInternationalization: ICU TimeZone Detection - Raw Offset: +5:00, Platform Override: ''
LogInit: Display: Loading text-based GConfig....
LogPluginManager: Mounting plugin MeshPainting
LogPluginManager: Mounting plugin XGEController
LogPluginManager: Mounting plugin Paper2D
LogPluginManager: Mounting plugin AISupport
LogPluginManager: Mounting plugin EnvironmentQueryEditor
LogPluginManager: Mounting plugin LightPropagationVolume
LogPluginManager: Mounting plugin LiveLink
LogPluginManager: Mounting plugin CameraShakePreviewer
LogPluginManager: Mounting plugin GameplayCameras
LogPluginManager: Mounting plugin OodleData
LogPluginManager: Mounting plugin OodleNetwork
LogPluginManager: Mounting plugin AssetManagerEditor
LogPluginManager: Mounting plugin CryptoKeys
LogPluginManager: Mounting plugin CurveEditorTools
LogPluginManager: Mounting plugin DataValidation
LogPluginManager: Mounting plugin FacialAnimation
LogPluginManager: Mounting plugin GameplayTagsEditor
LogPluginManager: Mounting plugin AnimationSharing
LogPluginManager: Mounting plugin DatasmithContent
LogPluginManager: Mounting plugin GeometryMode
LogPluginManager: Mounting plugin MacGraphicsSwitching
LogPluginManager: Mounting plugin MaterialAnalyzer
LogPluginManager: Mounting plugin CLionSourceCodeAccess
LogPluginManager: Mounting plugin MobileLauncherProfileWizard
LogPluginManager: Mounting plugin CodeLiteSourceCodeAccess
LogPluginManager: Mounting plugin GitSourceControl
LogPluginManager: Mounting plugin PluginBrowser
LogPluginManager: Mounting plugin KDevelopSourceCodeAccess
LogPluginManager: Mounting plugin NullSourceCodeAccess
LogPluginManager: Mounting plugin SpeedTreeImporter
LogPluginManager: Mounting plugin PerforceSourceControl
LogPluginManager: Mounting plugin VariantManagerContent
LogPluginManager: Mounting plugin PlasticSourceControl
LogPluginManager: Mounting plugin PluginUtils
LogPluginManager: Mounting plugin PixWinPlugin
LogPluginManager: Mounting plugin PropertyAccessNode
LogPluginManager: Mounting plugin RiderSourceCodeAccess
LogPluginManager: Mounting plugin SubversionSourceControl
LogPluginManager: Mounting plugin TextureFormatOodle
LogPluginManager: Mounting plugin UObjectPlugin
LogPluginManager: Mounting plugin VisualStudioCodeSourceCodeAccess
LogPluginManager: Mounting plugin VisualStudioSourceCodeAccess
LogPluginManager: Mounting plugin XCodeSourceCodeAccess
LogPluginManager: Mounting plugin AlembicImporter
LogPluginManager: Mounting plugin Niagara
LogPluginManager: Mounting plugin AutomationUtils
LogPluginManager: Mounting plugin BackChannel
LogPluginManager: Mounting plugin ChaosCloth
LogPluginManager: Mounting plugin ChaosClothEditor
LogPluginManager: Mounting plugin ChaosEditor
LogPluginManager: Mounting plugin ChaosSolverPlugin
LogPluginManager: Mounting plugin ChaosNiagara
LogPluginManager: Mounting plugin CharacterAI
LogPluginManager: Mounting plugin GeometryCache
LogPluginManager: Mounting plugin GeometryCollectionPlugin
LogPluginManager: Mounting plugin GeometryProcessing
LogPluginManager: Mounting plugin MotoSynth
LogPluginManager: Mounting plugin OpenImageDenoise
LogPluginManager: Mounting plugin PlanarCut
LogPluginManager: Mounting plugin PlatformCrypto
LogPluginManager: Mounting plugin ProxyLODPlugin
LogPluginManager: Mounting plugin PythonScriptPlugin
LogPluginManager: Mounting plugin SkeletalReduction
LogPluginManager: Mounting plugin LuminPlatformFeatures
LogPluginManager: Mounting plugin MagicLeap
LogPluginManager: Mounting plugin MagicLeapLightEstimation
LogPluginManager: Mounting plugin MagicLeapMedia
LogPluginManager: Mounting plugin MagicLeapPassableWorld
LogPluginManager: Mounting plugin MLSDK
LogPluginManager: Mounting plugin AndroidMedia
LogPluginManager: Mounting plugin AvfMedia
LogPluginManager: Mounting plugin ImgMedia
LogPluginManager: Mounting plugin MediaCompositing
LogPluginManager: Mounting plugin MediaPlayerEditor
LogPluginManager: Mounting plugin WebMMedia
LogPluginManager: Mounting plugin WmfMedia
LogPluginManager: Mounting plugin TcpMessaging
LogPluginManager: Mounting plugin UdpMessaging
LogPluginManager: Mounting plugin ActorSequence
LogPluginManager: Mounting plugin MatineeToLevelSequence
LogPluginManager: Mounting plugin LevelSequenceEditor
LogPluginManager: Mounting plugin TemplateSequence
LogPluginManager: Mounting plugin OnlineSubsystem
LogPluginManager: Mounting plugin OnlineSubsystemNull
LogPluginManager: Mounting plugin OnlineSubsystemUtils
LogPluginManager: Mounting plugin LauncherChunkInstaller
LogPluginManager: Mounting plugin ActorLayerUtilities
LogPluginManager: Mounting plugin AndroidDeviceProfileSelector
LogPluginManager: Mounting plugin AndroidMoviePlayer
LogPluginManager: Mounting plugin AndroidPermission
LogPluginManager: Mounting plugin AppleImageUtils
LogPluginManager: Mounting plugin AppleMoviePlayer
LogPluginManager: Mounting plugin ArchVisCharacter
LogPluginManager: Mounting plugin AssetTags
LogPluginManager: Mounting plugin AudioCapture
LogPluginManager: Mounting plugin AudioSynesthesia
LogPluginManager: Mounting plugin CableComponent
LogPluginManager: Mounting plugin ChunkDownloader
LogPluginManager: Mounting plugin CustomMeshComponent
LogPluginManager: Mounting plugin EditableMesh
LogPluginManager: Mounting plugin ExampleDeviceProfileSelector
LogPluginManager: Mounting plugin GoogleCloudMessaging
LogPluginManager: Mounting plugin GooglePAD
LogPluginManager: Mounting plugin IOSDeviceProfileSelector
LogPluginManager: Mounting plugin LinuxDeviceProfileSelector
LogPluginManager: Mounting plugin LocationServicesBPLibrary
LogPluginManager: Mounting plugin MobilePatchingUtils
LogPluginManager: Mounting plugin OpenXR
LogPluginManager: Mounting plugin OpenXREyeTracker
LogPluginManager: Mounting plugin OpenXRHandTracking
LogPluginManager: Mounting plugin PostSplashScreen
LogPluginManager: Mounting plugin PhysXVehicles
LogPluginManager: Mounting plugin ProceduralMeshComponent
LogPluginManager: Mounting plugin PropertyAccessEditor
LogPluginManager: Mounting plugin SignificanceManager
LogPluginManager: Mounting plugin RuntimePhysXCooking
LogPluginManager: Mounting plugin SoundFields
LogPluginManager: Mounting plugin Synthesis
LogPluginManager: Mounting plugin WebMMoviePlayer
LogPluginManager: Mounting plugin WindowsMoviePlayer
LogPluginManager: Mounting plugin ScreenshotTools
LogPluginManager: Mounting plugin Takes
LogPluginManager: Mounting plugin ContentBrowserAssetDataSource
LogPluginManager: Mounting plugin ContentBrowserFileDataSource
LogPluginManager: Mounting plugin ContentBrowserClassDataSource
LogPluginManager: Mounting plugin OnlineSubsystemGooglePlay
LogPluginManager: Mounting plugin OnlineSubsystemIOS
LogPluginManager: Mounting plugin OculusVR
LogPluginManager: Mounting plugin SteamVR
PixWinPlugin: PIX capture plugin failed to initialize! Check that the process is launched from PIX.
LogLuminAPIImpl: Warning: MLSDK not found.  This likely means the MLSDK environment variable is not set.
LogInit: Using libcurl 7.55.1-DEV
LogInit:  - built for x86_64-pc-win32
LogInit:  - supports SSL with OpenSSL/1.1.1
LogInit:  - supports HTTP deflate (compression) using libz 1.2.8
LogInit:  - other features:
LogInit:      CURL_VERSION_SSL
LogInit:      CURL_VERSION_LIBZ
LogInit:      CURL_VERSION_IPV6
LogInit:      CURL_VERSION_ASYNCHDNS
LogInit:      CURL_VERSION_LARGEFILE
LogInit:      CURL_VERSION_IDN
LogInit:  CurlRequestOptions (configurable via config and command line):
LogInit:  - bVerifyPeer = true  - Libcurl will verify peer certificate
LogInit:  - bUseHttpProxy = false  - Libcurl will NOT use HTTP proxy
LogInit:  - bDontReuseConnections = false  - Libcurl will reuse connections
LogInit:  - MaxHostConnections = 16  - Libcurl will limit the number of connections to a host
LogInit:  - LocalHostAddr = Default
LogInit:  - BufferSize = 65536
LogOnline: OSS: Creating online subsystem instance for: NULL
LogInit: WinSock: version 1.1 (2.2), MaxSocks=32767, MaxUdp=65467
LogOnline: OSS: TryLoadSubsystemAndSetDefault: Loaded subsystem for module [NULL]
LogOculusPluginWrapper: OculusPlugin initialized successfully
LogHMD: Failed initializing OVRPlugin 1.59.0
LogInit: Build: ++UE4+Release-4.27-CL-18319896
LogInit: Engine Version: 4.27.2-18319896+++UE4+Release-4.27
LogInit: Compatible Engine Version: 4.27.0-17155196+++UE4+Release-4.27
LogInit: Net CL: 17155196
LogInit: OS: Windows 10 (Release 2009) (), CPU: AMD Ryzen 5 3600 6-Core Processor              , GPU: NVIDIA GeForce RTX 3060
LogInit: Compiled (64-bit): Nov 30 2021 07:12:08
LogInit: Compiled with Visual C++: 19.24.28315.00
LogInit: Build Configuration: Development
LogInit: Branch Name: ++UE4+Release-4.27
LogInit: Command Line:  -AUTH_LOGIN=unused -AUTH_PASSWORD=a23820b579854e4abe77310ac778aea4 -AUTH_TYPE=exchangecode -epicapp=UE_4.27 -epicenv=Prod -EpicPortal -epicusername="Usama Sharjeel" -epicuserid=c97869a31efe43bf9f53b8f0a4ada424 -epiclocale=en -epicsandboxid=ue
LogInit: Base Directory: D:/UE_Setup/UE_4.27/Engine/Binaries/Win64/
LogInit: Allocator: TBB
LogInit: Installed Engine Build: 1
LogDevObjectVersion: Number of dev versions registered: 29
LogDevObjectVersion:   Dev-Blueprints (B0D832E4-1F89-4F0D-ACCF-7EB736FD4AA2): 10
LogDevObjectVersion:   Dev-Build (E1C64328-A22C-4D53-A36C-8E866417BD8C): 0
LogDevObjectVersion:   Dev-Core (375EC13C-06E4-48FB-B500-84F0262A717E): 4
LogDevObjectVersion:   Dev-Editor (E4B068ED-F494-42E9-A231-DA0B2E46BB41): 40
LogDevObjectVersion:   Dev-Framework (CFFC743F-43B0-4480-9391-14DF171D2073): 37
LogDevObjectVersion:   Dev-Mobile (B02B49B5-BB20-44E9-A304-32B752E40360): 3
LogDevObjectVersion:   Dev-Networking (A4E4105C-59A1-49B5-A7C5-40C4547EDFEE): 0
LogDevObjectVersion:   Dev-Online (39C831C9-5AE6-47DC-9A44-9C173E1C8E7C): 0
LogDevObjectVersion:   Dev-Physics (78F01B33-EBEA-4F98-B9B4-84EACCB95AA2): 14
LogDevObjectVersion:   Dev-Platform (6631380F-2D4D-43E0-8009-CF276956A95A): 0
LogDevObjectVersion:   Dev-Rendering (12F88B9F-8875-4AFC-A67C-D90C383ABD29): 45
LogDevObjectVersion:   Dev-Sequencer (7B5AE74C-D270-4C10-A958-57980B212A5A): 13
LogDevObjectVersion:   Dev-VR (D7296918-1DD6-4BDD-9DE2-64A83CC13884): 3
LogDevObjectVersion:   Dev-LoadTimes (C2A15278-BFE7-4AFE-6C17-90FF531DF755): 1
LogDevObjectVersion:   Private-Geometry (6EACA3D4-40EC-4CC1-B786-8BED09428FC5): 3
LogDevObjectVersion:   Dev-AnimPhys (29E575DD-E0A3-4627-9D10-D276232CDCEA): 17
LogDevObjectVersion:   Dev-Anim (AF43A65D-7FD3-4947-9873-3E8ED9C1BB05): 15
LogDevObjectVersion:   Dev-ReflectionCapture (6B266CEC-1EC7-4B8F-A30B-E4D90942FC07): 1
LogDevObjectVersion:   Dev-Automation (0DF73D61-A23F-47EA-B727-89E90C41499A): 1
LogDevObjectVersion:   FortniteMain (601D1886-AC64-4F84-AA16-D3DE0DEAC7D6): 47
LogDevObjectVersion:   FortniteRelease (E7086368-6B23-4C58-8439-1B7016265E91): 1
LogDevObjectVersion:   Dev-Enterprise (9DFFBCD6-494F-0158-E221-12823C92A888): 10
LogDevObjectVersion:   Dev-Niagara (F2AED0AC-9AFE-416F-8664-AA7FFA26D6FC): 1
LogDevObjectVersion:   Dev-Destruction (174F1F0B-B4C6-45A5-B13F-2EE8D0FB917D): 10
LogDevObjectVersion:   Dev-Physics-Ext (35F94A83-E258-406C-A318-09F59610247C): 41
LogDevObjectVersion:   Dev-PhysicsMaterial-Chaos (B68FC16E-8B1B-42E2-B453-215C058844FE): 1
LogDevObjectVersion:   Dev-CineCamera (B2E18506-4273-CFC2-A54E-F4BB758BBA07): 1
LogDevObjectVersion:   Dev-VirtualProduction (64F58936-FD1B-42BA-BA96-7289D5D0FA4E): 1
LogDevObjectVersion:   Dev-MediaFramework (6F0ED827-A609-4895-9C91-998D90180EA4): 2
LogInit: Presizing for max 25165824 objects, including 0 objects not considered by GC, pre-allocating 0 bytes for permanent pool.
LogConfig: Applying CVar settings from Section [/Script/Engine.StreamingSettings] File [E:/UEProjects/HackerBoy_-unreal-/HackerBoy/Saved/Config/Windows/Engine.ini]
LogConfig: Setting CVar [[s.MinBulkDataSizeForAsyncLoading:131072]]
LogConfig: Setting CVar [[s.AsyncLoadingThreadEnabled:0]]
LogConfig: Setting CVar [[s.EventDrivenLoaderEnabled:1]]
LogConfig: Setting CVar [[s.WarnIfTimeLimitExceeded:0]]
LogConfig: Setting CVar [[s.TimeLimitExceededMultiplier:1.5]]
LogConfig: Setting CVar [[s.TimeLimitExceededMinTime:0.005]]
LogConfig: Setting CVar [[s.UseBackgroundLevelStreaming:1]]
LogConfig: Setting CVar [[s.PriorityAsyncLoadingExtraTime:15.0]]
LogConfig: Setting CVar [[s.LevelStreamingActorsUpdateTimeLimit:5.0]]
LogConfig: Setting CVar [[s.PriorityLevelStreamingActorsUpdateExtraTime:5.0]]
LogConfig: Setting CVar [[s.LevelStreamingComponentsRegistrationGranularity:10]]
LogConfig: Setting CVar [[s.UnregisterComponentsTimeLimit:1.0]]
LogConfig: Setting CVar [[s.LevelStreamingComponentsUnregistrationGranularity:5]]
LogConfig: Setting CVar [[s.FlushStreamingOnExit:1]]
LogInit: Object subsystem initialized
LogConfig: Setting CVar [[con.DebugEarlyDefault:1]]
LogConfig: Setting CVar [[r.setres:1280x720]]
[2024.06.13-12.14.43:380][  0]LogConfig: Setting CVar [[r.VSync:0]]
[2024.06.13-12.14.43:380][  0]LogConfig: Setting CVar [[r.RHICmdBypass:0]]
[2024.06.13-12.14.43:380][  0]LogConfig: Applying CVar settings from Section [/Script/Engine.RendererSettings] File [E:/UEProjects/HackerBoy_-unreal-/HackerBoy/Saved/Config/Windows/Engine.ini]
[2024.06.13-12.14.43:380][  0]LogConfig: Setting CVar [[r.GPUCrashDebugging:0]]
[2024.06.13-12.14.43:380][  0]LogConfig: Applying CVar settings from Section [/Script/Engine.RendererOverrideSettings] File [E:/UEProjects/HackerBoy_-unreal-/HackerBoy/Saved/Config/Windows/Engine.ini]
[2024.06.13-12.14.43:380][  0]LogConfig: Applying CVar settings from Section [/Script/Engine.StreamingSettings] File [E:/UEProjects/HackerBoy_-unreal-/HackerBoy/Saved/Config/Windows/Engine.ini]
[2024.06.13-12.14.43:380][  0]LogConfig: Setting CVar [[s.MinBulkDataSizeForAsyncLoading:131072]]
[2024.06.13-12.14.43:380][  0]LogConfig: Setting CVar [[s.AsyncLoadingThreadEnabled:0]]
[2024.06.13-12.14.43:380][  0]LogConfig: Setting CVar [[s.EventDrivenLoaderEnabled:1]]
[2024.06.13-12.14.43:380][  0]LogConfig: Setting CVar [[s.WarnIfTimeLimitExceeded:0]]
[2024.06.13-12.14.43:380][  0]LogConfig: Setting CVar [[s.TimeLimitExceededMultiplier:1.5]]
[2024.06.13-12.14.43:380][  0]LogConfig: Setting CVar [[s.TimeLimitExceededMinTime:0.005]]
[2024.06.13-12.14.43:380][  0]LogConfig: Setting CVar [[s.UseBackgroundLevelStreaming:1]]
[2024.06.13-12.14.43:380][  0]LogConfig: Setting CVar [[s.PriorityAsyncLoadingExtraTime:15.0]]
[2024.06.13-12.14.43:380][  0]LogConfig: Setting CVar [[s.LevelStreamingActorsUpdateTimeLimit:5.0]]
[2024.06.13-12.14.43:380][  0]LogConfig: Setting CVar [[s.PriorityLevelStreamingActorsUpdateExtraTime:5.0]]
[2024.06.13-12.14.43:380][  0]LogConfig: Setting CVar [[s.LevelStreamingComponentsRegistrationGranularity:10]]
[2024.06.13-12.14.43:380][  0]LogConfig: Setting CVar [[s.UnregisterComponentsTimeLimit:1.0]]
[2024.06.13-12.14.43:380][  0]LogConfig: Setting CVar [[s.LevelStreamingComponentsUnregistrationGranularity:5]]
[2024.06.13-12.14.43:380][  0]LogConfig: Setting CVar [[s.FlushStreamingOnExit:1]]
[2024.06.13-12.14.43:380][  0]LogConfig: Applying CVar settings from Section [/Script/Engine.GarbageCollectionSettings] File [E:/UEProjects/HackerBoy_-unreal-/HackerBoy/Saved/Config/Windows/Engine.ini]
[2024.06.13-12.14.43:380][  0]LogConfig: Setting CVar [[gc.MaxObjectsNotConsideredByGC:1]]
[2024.06.13-12.14.43:380][  0]LogConfig: Setting CVar [[gc.SizeOfPermanentObjectPool:0]]
[2024.06.13-12.14.43:380][  0]LogConfig: Setting CVar [[gc.FlushStreamingOnGC:0]]
[2024.06.13-12.14.43:380][  0]LogConfig: Setting CVar [[gc.NumRetriesBeforeForcingGC:10]]
[2024.06.13-12.14.43:380][  0]LogConfig: Setting CVar [[gc.AllowParallelGC:1]]
[2024.06.13-12.14.43:380][  0]LogConfig: Setting CVar [[gc.TimeBetweenPurgingPendingKillObjects:61.1]]
[2024.06.13-12.14.43:380][  0]LogConfig: Setting CVar [[gc.MaxObjectsInEditor:25165824]]
[2024.06.13-12.14.43:380][  0]LogConfig: Setting CVar [[gc.IncrementalBeginDestroyEnabled:1]]
[2024.06.13-12.14.43:380][  0]LogConfig: Setting CVar [[gc.CreateGCClusters:1]]
[2024.06.13-12.14.43:380][  0]LogConfig: Setting CVar [[gc.MinGCClusterSize:5]]
[2024.06.13-12.14.43:380][  0]LogConfig: Setting CVar [[gc.ActorClusteringEnabled:0]]
[2024.06.13-12.14.43:380][  0]LogConfig: Setting CVar [[gc.BlueprintClusteringEnabled:0]]
[2024.06.13-12.14.43:380][  0]LogConfig: Setting CVar [[gc.UseDisregardForGCOnDedicatedServers:0]]
[2024.06.13-12.14.43:380][  0]LogConfig: Setting CVar [[gc.MultithreadedDestructionEnabled:1]]
[2024.06.13-12.14.43:380][  0]LogConfig: Applying CVar settings from Section [/Script/Engine.NetworkSettings] File [E:/UEProjects/HackerBoy_-unreal-/HackerBoy/Saved/Config/Windows/Engine.ini]
[2024.06.13-12.14.43:380][  0]LogConfig: Applying CVar settings from Section [/Script/UnrealEd.CookerSettings] File [E:/UEProjects/HackerBoy_-unreal-/HackerBoy/Saved/Config/Windows/Engine.ini]
[2024.06.13-12.14.43:385][  0]LogConfig: Applying CVar settings from Section [ViewDistanceQuality@3] File [E:/UEProjects/HackerBoy_-unreal-/HackerBoy/Saved/Config/Windows/Scalability.ini]
[2024.06.13-12.14.43:385][  0]LogConfig: Setting CVar [[r.SkeletalMeshLODBias:0]]
[2024.06.13-12.14.43:385][  0]LogConfig: Setting CVar [[r.ViewDistanceScale:1.0]]
[2024.06.13-12.14.43:385][  0]LogConfig: Applying CVar settings from Section [AntiAliasingQuality@3] File [E:/UEProjects/HackerBoy_-unreal-/HackerBoy/Saved/Config/Windows/Scalability.ini]
[2024.06.13-12.14.43:385][  0]LogConfig: Setting CVar [[r.PostProcessAAQuality:4]]
[2024.06.13-12.14.43:385][  0]LogConfig: Applying CVar settings from Section [ShadowQuality@3] File [E:/UEProjects/HackerBoy_-unreal-/HackerBoy/Saved/Config/Windows/Scalability.ini]
[2024.06.13-12.14.43:385][  0]LogConfig: Setting CVar [[r.LightFunctionQuality:1]]
[2024.06.13-12.14.43:385][  0]LogConfig: Setting CVar [[r.ShadowQuality:5]]
[2024.06.13-12.14.43:385][  0]LogConfig: Setting CVar [[r.Shadow.CSM.MaxCascades:10]]
[2024.06.13-12.14.43:385][  0]LogConfig: Setting CVar [[r.Shadow.MaxResolution:2048]]
[2024.06.13-12.14.43:385][  0]LogConfig: Setting CVar [[r.Shadow.MaxCSMResolution:2048]]
[2024.06.13-12.14.43:385][  0]LogConfig: Setting CVar [[r.Shadow.RadiusThreshold:0.01]]
[2024.06.13-12.14.43:385][  0]LogConfig: Setting CVar [[r.Shadow.DistanceScale:1.0]]
[2024.06.13-12.14.43:385][  0]LogConfig: Setting CVar [[r.Shadow.CSM.TransitionScale:1.0]]
[2024.06.13-12.14.43:385][  0]LogConfig: Setting CVar [[r.Shadow.PreShadowResolutionFactor:1.0]]
[2024.06.13-12.14.43:385][  0]LogConfig: Setting CVar [[r.DistanceFieldShadowing:1]]
[2024.06.13-12.14.43:385][  0]LogConfig: Setting CVar [[r.DistanceFieldAO:1]]
[2024.06.13-12.14.43:385][  0]LogConfig: Setting CVar [[r.AOQuality:2]]
[2024.06.13-12.14.43:385][  0]LogConfig: Setting CVar [[r.VolumetricFog:1]]
[2024.06.13-12.14.43:385][  0]LogConfig: Setting CVar [[r.VolumetricFog.GridPixelSize:8]]
[2024.06.13-12.14.43:385][  0]LogConfig: Setting CVar [[r.VolumetricFog.GridSizeZ:128]]
[2024.06.13-12.14.43:385][  0]LogConfig: Setting CVar [[r.VolumetricFog.HistoryMissSupersampleCount:4]]
[2024.06.13-12.14.43:385][  0]LogConfig: Setting CVar [[r.LightMaxDrawDistanceScale:1]]
[2024.06.13-12.14.43:385][  0]LogConfig: Setting CVar [[r.CapsuleShadows:1]]
[2024.06.13-12.14.43:385][  0]LogConfig: Applying CVar settings from Section [PostProcessQuality@3] File [E:/UEProjects/HackerBoy_-unreal-/HackerBoy/Saved/Config/Windows/Scalability.ini]
[2024.06.13-12.14.43:385][  0]LogConfig: Setting CVar [[r.MotionBlurQuality:4]]
[2024.06.13-12.14.43:385][  0]LogConfig: Setting CVar [[r.AmbientOcclusionMipLevelFactor:0.4]]
[2024.06.13-12.14.43:385][  0]LogConfig: Setting CVar [[r.AmbientOcclusionMaxQuality:100]]
[2024.06.13-12.14.43:385][  0]LogConfig: Setting CVar [[r.AmbientOcclusionLevels:-1]]
[2024.06.13-12.14.43:385][  0]LogConfig: Setting CVar [[r.AmbientOcclusionRadiusScale:1.0]]
[2024.06.13-12.14.43:385][  0]LogConfig: Setting CVar [[r.DepthOfFieldQuality:2]]
[2024.06.13-12.14.43:385][  0]LogConfig: Setting CVar [[r.RenderTargetPoolMin:400]]
[2024.06.13-12.14.43:385][  0]LogConfig: Setting CVar [[r.LensFlareQuality:2]]
[2024.06.13-12.14.43:385][  0]LogConfig: Setting CVar [[r.SceneColorFringeQuality:1]]
[2024.06.13-12.14.43:385][  0]LogConfig: Setting CVar [[r.EyeAdaptationQuality:2]]
[2024.06.13-12.14.43:385][  0]LogConfig: Setting CVar [[r.BloomQuality:5]]
[2024.06.13-12.14.43:385][  0]LogConfig: Setting CVar [[r.FastBlurThreshold:100]]
[2024.06.13-12.14.43:385][  0]LogConfig: Setting CVar [[r.Upscale.Quality:3]]
[2024.06.13-12.14.43:385][  0]LogConfig: Setting CVar [[r.Tonemapper.GrainQuantization:1]]
[2024.06.13-12.14.43:385][  0]LogConfig: Setting CVar [[r.LightShaftQuality:1]]
[2024.06.13-12.14.43:385][  0]LogConfig: Setting CVar [[r.Filter.SizeScale:1]]
[2024.06.13-12.14.43:385][  0]LogConfig: Setting CVar [[r.Tonemapper.Quality:5]]
[2024.06.13-12.14.43:385][  0]LogConfig: Setting CVar [[r.DOF.Gather.AccumulatorQuality:1        ; higher gathering accumulator quality]]
[2024.06.13-12.14.43:386][  0]LogConfig: Setting CVar [[r.DOF.Gather.PostfilterMethod:1          ; Median3x3 postfilering method]]
[2024.06.13-12.14.43:386][  0]LogConfig: Setting CVar [[r.DOF.Gather.EnableBokehSettings:0       ; no bokeh simulation when gathering]]
[2024.06.13-12.14.43:386][  0]LogConfig: Setting CVar [[r.DOF.Gather.RingCount:4                 ; medium number of samples when gathering]]
[2024.06.13-12.14.43:386][  0]LogConfig: Setting CVar [[r.DOF.Scatter.ForegroundCompositing:1    ; additive foreground scattering]]
[2024.06.13-12.14.43:386][  0]LogConfig: Setting CVar [[r.DOF.Scatter.BackgroundCompositing:2    ; additive background scattering]]
[2024.06.13-12.14.43:386][  0]LogConfig: Setting CVar [[r.DOF.Scatter.EnableBokehSettings:1      ; bokeh simulation when scattering]]
[2024.06.13-12.14.43:386][  0]LogConfig: Setting CVar [[r.DOF.Scatter.MaxSpriteRatio:0.1         ; only a maximum of 10% of scattered bokeh]]
[2024.06.13-12.14.43:386][  0]LogConfig: Setting CVar [[r.DOF.Recombine.Quality:1                ; cheap slight out of focus]]
[2024.06.13-12.14.43:386][  0]LogConfig: Setting CVar [[r.DOF.Recombine.EnableBokehSettings:0    ; no bokeh simulation on slight out of focus]]
[2024.06.13-12.14.43:386][  0]LogConfig: Setting CVar [[r.DOF.TemporalAAQuality:1                ; more stable temporal accumulation]]
[2024.06.13-12.14.43:386][  0]LogConfig: Setting CVar [[r.DOF.Kernel.MaxForegroundRadius:0.025]]
[2024.06.13-12.14.43:386][  0]LogConfig: Setting CVar [[r.DOF.Kernel.MaxBackgroundRadius:0.025]]
[2024.06.13-12.14.43:386][  0]LogConfig: Applying CVar settings from Section [TextureQuality@3] File [E:/UEProjects/HackerBoy_-unreal-/HackerBoy/Saved/Config/Windows/Scalability.ini]
[2024.06.13-12.14.43:386][  0]LogConfig: Setting CVar [[r.Streaming.MipBias:0]]
[2024.06.13-12.14.43:386][  0]LogConfig: Setting CVar [[r.Streaming.AmortizeCPUToGPUCopy:0]]
[2024.06.13-12.14.43:386][  0]LogConfig: Setting CVar [[r.Streaming.MaxNumTexturesToStreamPerFrame:0]]
[2024.06.13-12.14.43:386][  0]LogConfig: Setting CVar [[r.Streaming.Boost:1]]
[2024.06.13-12.14.43:386][  0]LogConfig: Setting CVar [[r.MaxAnisotropy:8]]
[2024.06.13-12.14.43:386][  0]LogConfig: Setting CVar [[r.VT.MaxAnisotropy:8]]
[2024.06.13-12.14.43:386][  0]LogConfig: Setting CVar [[r.Streaming.LimitPoolSizeToVRAM:0]]
[2024.06.13-12.14.43:386][  0]LogConfig: Setting CVar [[r.Streaming.PoolSize:1000]]
[2024.06.13-12.14.43:386][  0]LogConfig: Setting CVar [[r.Streaming.MaxEffectiveScreenSize:0]]
[2024.06.13-12.14.43:386][  0]LogConfig: Applying CVar settings from Section [EffectsQuality@3] File [E:/UEProjects/HackerBoy_-unreal-/HackerBoy/Saved/Config/Windows/Scalability.ini]
[2024.06.13-12.14.43:386][  0]LogConfig: Setting CVar [[r.TranslucencyLightingVolumeDim:64]]
[2024.06.13-12.14.43:386][  0]LogConfig: Setting CVar [[r.RefractionQuality:2]]
[2024.06.13-12.14.43:386][  0]LogConfig: Setting CVar [[r.SSR.Quality:3]]
[2024.06.13-12.14.43:386][  0]LogConfig: Setting CVar [[r.SSR.HalfResSceneColor:0]]
[2024.06.13-12.14.43:386][  0]LogConfig: Setting CVar [[r.SceneColorFormat:4]]
[2024.06.13-12.14.43:386][  0]LogConfig: Setting CVar [[r.DetailMode:2]]
[2024.06.13-12.14.43:386][  0]LogConfig: Setting CVar [[r.TranslucencyVolumeBlur:1]]
[2024.06.13-12.14.43:386][  0]LogConfig: Setting CVar [[r.MaterialQualityLevel:1 ; High quality]]
[2024.06.13-12.14.43:386][  0]LogConfig: Setting CVar [[r.AnisotropicMaterials:1]]
[2024.06.13-12.14.43:386][  0]LogConfig: Setting CVar [[r.SSS.Scale:1]]
[2024.06.13-12.14.43:386][  0]LogConfig: Setting CVar [[r.SSS.SampleSet:2]]
[2024.06.13-12.14.43:386][  0]LogConfig: Setting CVar [[r.SSS.Quality:1]]
[2024.06.13-12.14.43:386][  0]LogConfig: Setting CVar [[r.SSS.HalfRes:0]]
[2024.06.13-12.14.43:386][  0]LogConfig: Setting CVar [[r.SSGI.Quality:3]]
[2024.06.13-12.14.43:386][  0]LogConfig: Setting CVar [[r.EmitterSpawnRateScale:1.0]]
[2024.06.13-12.14.43:386][  0]LogConfig: Setting CVar [[r.ParticleLightQuality:2]]
[2024.06.13-12.14.43:386][  0]LogConfig: Setting CVar [[r.SkyAtmosphere.AerialPerspectiveLUT.FastApplyOnOpaque:1 ; Always have FastSkyLUT 1 in this case to avoid wrong sky]]
[2024.06.13-12.14.43:386][  0]LogConfig: Setting CVar [[r.SkyAtmosphere.AerialPerspectiveLUT.SampleCountMaxPerSlice:4]]
[2024.06.13-12.14.43:386][  0]LogConfig: Setting CVar [[r.SkyAtmosphere.AerialPerspectiveLUT.DepthResolution:16.0]]
[2024.06.13-12.14.43:386][  0]LogConfig: Setting CVar [[r.SkyAtmosphere.FastSkyLUT:1]]
[2024.06.13-12.14.43:386][  0]LogConfig: Setting CVar [[r.SkyAtmosphere.FastSkyLUT.SampleCountMin:4.0]]
[2024.06.13-12.14.43:386][  0]LogConfig: Setting CVar [[r.SkyAtmosphere.FastSkyLUT.SampleCountMax:128.0]]
[2024.06.13-12.14.43:386][  0]LogConfig: Setting CVar [[r.SkyAtmosphere.SampleCountMin:4.0]]
[2024.06.13-12.14.43:386][  0]LogConfig: Setting CVar [[r.SkyAtmosphere.SampleCountMax:128.0]]
[2024.06.13-12.14.43:386][  0]LogConfig: Setting CVar [[r.SkyAtmosphere.TransmittanceLUT.UseSmallFormat:0]]
[2024.06.13-12.14.43:386][  0]LogConfig: Setting CVar [[r.SkyAtmosphere.TransmittanceLUT.SampleCount:10.0]]
[2024.06.13-12.14.43:386][  0]LogConfig: Setting CVar [[r.SkyAtmosphere.MultiScatteringLUT.SampleCount:15.0]]
[2024.06.13-12.14.43:386][  0]LogConfig: Setting CVar [[r.SkyLight.RealTimeReflectionCapture:1]]
[2024.06.13-12.14.43:386][  0]LogConfig: Applying CVar settings from Section [FoliageQuality@3] File [E:/UEProjects/HackerBoy_-unreal-/HackerBoy/Saved/Config/Windows/Scalability.ini]
[2024.06.13-12.14.43:386][  0]LogConfig: Setting CVar [[foliage.DensityScale:1.0]]
[2024.06.13-12.14.43:386][  0]LogConfig: Setting CVar [[grass.DensityScale:1.0]]
[2024.06.13-12.14.43:386][  0]LogConfig: Applying CVar settings from Section [ShadingQuality@3] File [E:/UEProjects/HackerBoy_-unreal-/HackerBoy/Saved/Config/Windows/Scalability.ini]
[2024.06.13-12.14.43:386][  0]LogConfig: Setting CVar [[r.HairStrands.SkyLighting.IntegrationType:2]]
[2024.06.13-12.14.43:386][  0]LogConfig: Setting CVar [[r.HairStrands.SkyAO.SampleCount:4]]
[2024.06.13-12.14.43:386][  0]LogConfig: Setting CVar [[r.HairStrands.Visibility.MSAA.SamplePerPixel:4]]
[2024.06.13-12.14.43:386][  0]LogInit: Selected Device Profile: [Windows]
[2024.06.13-12.14.43:386][  0]LogInit: Applying CVar settings loaded from the selected device profile: [Windows]
[2024.06.13-12.14.43:386][  0]LogHAL: Display: Platform has ~ 16 GB [17101836288 / 17179869184 / 16], which maps to Larger [LargestMinGB=32, LargerMinGB=12, DefaultMinGB=8, SmallerMinGB=6, SmallestMinGB=0)
[2024.06.13-12.14.43:386][  0]LogInit: Going up to parent DeviceProfile []
[2024.06.13-12.14.43:386][  0]LogConfig: Applying CVar settings from Section [ViewDistanceQuality@3] File [E:/UEProjects/HackerBoy_-unreal-/HackerBoy/Saved/Config/Windows/Scalability.ini]
[2024.06.13-12.14.43:386][  0]LogConfig: Setting CVar [[r.SkeletalMeshLODBias:0]]
[2024.06.13-12.14.43:386][  0]LogConfig: Setting CVar [[r.ViewDistanceScale:1.0]]
[2024.06.13-12.14.43:386][  0]LogConfig: Applying CVar settings from Section [AntiAliasingQuality@3] File [E:/UEProjects/HackerBoy_-unreal-/HackerBoy/Saved/Config/Windows/Scalability.ini]
[2024.06.13-12.14.43:386][  0]LogConfig: Setting CVar [[r.PostProcessAAQuality:4]]
[2024.06.13-12.14.43:386][  0]LogConfig: Applying CVar settings from Section [ShadowQuality@3] File [E:/UEProjects/HackerBoy_-unreal-/HackerBoy/Saved/Config/Windows/Scalability.ini]
[2024.06.13-12.14.43:386][  0]LogConfig: Setting CVar [[r.LightFunctionQuality:1]]
[2024.06.13-12.14.43:386][  0]LogConfig: Setting CVar [[r.ShadowQuality:5]]
[2024.06.13-12.14.43:386][  0]LogConfig: Setting CVar [[r.Shadow.CSM.MaxCascades:10]]
[2024.06.13-12.14.43:386][  0]LogConfig: Setting CVar [[r.Shadow.MaxResolution:2048]]
[2024.06.13-12.14.43:386][  0]LogConfig: Setting CVar [[r.Shadow.MaxCSMResolution:2048]]
[2024.06.13-12.14.43:386][  0]LogConfig: Setting CVar [[r.Shadow.RadiusThreshold:0.01]]
[2024.06.13-12.14.43:386][  0]LogConfig: Setting CVar [[r.Shadow.DistanceScale:1.0]]
[2024.06.13-12.14.43:386][  0]LogConfig: Setting CVar [[r.Shadow.CSM.TransitionScale:1.0]]
[2024.06.13-12.14.43:386][  0]LogConfig: Setting CVar [[r.Shadow.PreShadowResolutionFactor:1.0]]
[2024.06.13-12.14.43:386][  0]LogConfig: Setting CVar [[r.DistanceFieldShadowing:1]]
[2024.06.13-12.14.43:386][  0]LogConfig: Setting CVar [[r.DistanceFieldAO:1]]
[2024.06.13-12.14.43:386][  0]LogConfig: Setting CVar [[r.AOQuality:2]]
[2024.06.13-12.14.43:386][  0]LogConfig: Setting CVar [[r.VolumetricFog:1]]
[2024.06.13-12.14.43:386][  0]LogConfig: Setting CVar [[r.VolumetricFog.GridPixelSize:8]]
[2024.06.13-12.14.43:386][  0]LogConfig: Setting CVar [[r.VolumetricFog.GridSizeZ:128]]
[2024.06.13-12.14.43:386][  0]LogConfig: Setting CVar [[r.VolumetricFog.HistoryMissSupersampleCount:4]]
[2024.06.13-12.14.43:386][  0]LogConfig: Setting CVar [[r.LightMaxDrawDistanceScale:1]]
[2024.06.13-12.14.43:386][  0]LogConfig: Setting CVar [[r.CapsuleShadows:1]]
[2024.06.13-12.14.43:386][  0]LogConfig: Applying CVar settings from Section [PostProcessQuality@3] File [E:/UEProjects/HackerBoy_-unreal-/HackerBoy/Saved/Config/Windows/Scalability.ini]
[2024.06.13-12.14.43:386][  0]LogConfig: Setting CVar [[r.MotionBlurQuality:4]]
[2024.06.13-12.14.43:386][  0]LogConfig: Setting CVar [[r.AmbientOcclusionMipLevelFactor:0.4]]
[2024.06.13-12.14.43:387][  0]LogConfig: Setting CVar [[r.AmbientOcclusionMaxQuality:100]]
[2024.06.13-12.14.43:387][  0]LogConfig: Setting CVar [[r.AmbientOcclusionLevels:-1]]
[2024.06.13-12.14.43:387][  0]LogConfig: Setting CVar [[r.AmbientOcclusionRadiusScale:1.0]]
[2024.06.13-12.14.43:387][  0]LogConfig: Setting CVar [[r.DepthOfFieldQuality:2]]
[2024.06.13-12.14.43:387][  0]LogConfig: Setting CVar [[r.RenderTargetPoolMin:400]]
[2024.06.13-12.14.43:387][  0]LogConfig: Setting CVar [[r.LensFlareQuality:2]]
[2024.06.13-12.14.43:387][  0]LogConfig: Setting CVar [[r.SceneColorFringeQuality:1]]
[2024.06.13-12.14.43:387][  0]LogConfig: Setting CVar [[r.EyeAdaptationQuality:2]]
[2024.06.13-12.14.43:387][  0]LogConfig: Setting CVar [[r.BloomQuality:5]]
[2024.06.13-12.14.43:387][  0]LogConfig: Setting CVar [[r.FastBlurThreshold:100]]
[2024.06.13-12.14.43:387][  0]LogConfig: Setting CVar [[r.Upscale.Quality:3]]
[2024.06.13-12.14.43:387][  0]LogConfig: Setting CVar [[r.Tonemapper.GrainQuantization:1]]
[2024.06.13-12.14.43:387][  0]LogConfig: Setting CVar [[r.LightShaftQuality:1]]
[2024.06.13-12.14.43:387][  0]LogConfig: Setting CVar [[r.Filter.SizeScale:1]]
[2024.06.13-12.14.43:387][  0]LogConfig: Setting CVar [[r.Tonemapper.Quality:5]]
[2024.06.13-12.14.43:387][  0]LogConfig: Setting CVar [[r.DOF.Gather.AccumulatorQuality:1        ; higher gathering accumulator quality]]
[2024.06.13-12.14.43:387][  0]LogConfig: Setting CVar [[r.DOF.Gather.PostfilterMethod:1          ; Median3x3 postfilering method]]
[2024.06.13-12.14.43:387][  0]LogConfig: Setting CVar [[r.DOF.Gather.EnableBokehSettings:0       ; no bokeh simulation when gathering]]
[2024.06.13-12.14.43:387][  0]LogConfig: Setting CVar [[r.DOF.Gather.RingCount:4                 ; medium number of samples when gathering]]
[2024.06.13-12.14.43:387][  0]LogConfig: Setting CVar [[r.DOF.Scatter.ForegroundCompositing:1    ; additive foreground scattering]]
[2024.06.13-12.14.43:387][  0]LogConfig: Setting CVar [[r.DOF.Scatter.BackgroundCompositing:2    ; additive background scattering]]
[2024.06.13-12.14.43:387][  0]LogConfig: Setting CVar [[r.DOF.Scatter.EnableBokehSettings:1      ; bokeh simulation when scattering]]
[2024.06.13-12.14.43:387][  0]LogConfig: Setting CVar [[r.DOF.Scatter.MaxSpriteRatio:0.1         ; only a maximum of 10% of scattered bokeh]]
[2024.06.13-12.14.43:387][  0]LogConfig: Setting CVar [[r.DOF.Recombine.Quality:1                ; cheap slight out of focus]]
[2024.06.13-12.14.43:387][  0]LogConfig: Setting CVar [[r.DOF.Recombine.EnableBokehSettings:0    ; no bokeh simulation on slight out of focus]]
[2024.06.13-12.14.43:387][  0]LogConfig: Setting CVar [[r.DOF.TemporalAAQuality:1                ; more stable temporal accumulation]]
[2024.06.13-12.14.43:387][  0]LogConfig: Setting CVar [[r.DOF.Kernel.MaxForegroundRadius:0.025]]
[2024.06.13-12.14.43:387][  0]LogConfig: Setting CVar [[r.DOF.Kernel.MaxBackgroundRadius:0.025]]
[2024.06.13-12.14.43:387][  0]LogConfig: Applying CVar settings from Section [TextureQuality@3] File [E:/UEProjects/HackerBoy_-unreal-/HackerBoy/Saved/Config/Windows/Scalability.ini]
[2024.06.13-12.14.43:387][  0]LogConfig: Setting CVar [[r.Streaming.MipBias:0]]
[2024.06.13-12.14.43:387][  0]LogConfig: Setting CVar [[r.Streaming.AmortizeCPUToGPUCopy:0]]
[2024.06.13-12.14.43:387][  0]LogConfig: Setting CVar [[r.Streaming.MaxNumTexturesToStreamPerFrame:0]]
[2024.06.13-12.14.43:387][  0]LogConfig: Setting CVar [[r.Streaming.Boost:1]]
[2024.06.13-12.14.43:387][  0]LogConfig: Setting CVar [[r.MaxAnisotropy:8]]
[2024.06.13-12.14.43:387][  0]LogConfig: Setting CVar [[r.VT.MaxAnisotropy:8]]
[2024.06.13-12.14.43:387][  0]LogConfig: Setting CVar [[r.Streaming.LimitPoolSizeToVRAM:0]]
[2024.06.13-12.14.43:387][  0]LogConfig: Setting CVar [[r.Streaming.PoolSize:1000]]
[2024.06.13-12.14.43:387][  0]LogConfig: Setting CVar [[r.Streaming.MaxEffectiveScreenSize:0]]
[2024.06.13-12.14.43:387][  0]LogConfig: Applying CVar settings from Section [EffectsQuality@3] File [E:/UEProjects/HackerBoy_-unreal-/HackerBoy/Saved/Config/Windows/Scalability.ini]
[2024.06.13-12.14.43:387][  0]LogConfig: Setting CVar [[r.TranslucencyLightingVolumeDim:64]]
[2024.06.13-12.14.43:387][  0]LogConfig: Setting CVar [[r.RefractionQuality:2]]
[2024.06.13-12.14.43:387][  0]LogConfig: Setting CVar [[r.SSR.Quality:3]]
[2024.06.13-12.14.43:387][  0]LogConfig: Setting CVar [[r.SSR.HalfResSceneColor:0]]
[2024.06.13-12.14.43:387][  0]LogConfig: Setting CVar [[r.SceneColorFormat:4]]
[2024.06.13-12.14.43:387][  0]LogConfig: Setting CVar [[r.DetailMode:2]]
[2024.06.13-12.14.43:387][  0]LogConfig: Setting CVar [[r.TranslucencyVolumeBlur:1]]
[2024.06.13-12.14.43:387][  0]LogConfig: Setting CVar [[r.MaterialQualityLevel:1 ; High quality]]
[2024.06.13-12.14.43:387][  0]LogConfig: Setting CVar [[r.AnisotropicMaterials:1]]
[2024.06.13-12.14.43:387][  0]LogConfig: Setting CVar [[r.SSS.Scale:1]]
[2024.06.13-12.14.43:387][  0]LogConfig: Setting CVar [[r.SSS.SampleSet:2]]
[2024.06.13-12.14.43:387][  0]LogConfig: Setting CVar [[r.SSS.Quality:1]]
[2024.06.13-12.14.43:387][  0]LogConfig: Setting CVar [[r.SSS.HalfRes:0]]
[2024.06.13-12.14.43:387][  0]LogConfig: Setting CVar [[r.SSGI.Quality:3]]
[2024.06.13-12.14.43:387][  0]LogConfig: Setting CVar [[r.EmitterSpawnRateScale:1.0]]
[2024.06.13-12.14.43:387][  0]LogConfig: Setting CVar [[r.ParticleLightQuality:2]]
[2024.06.13-12.14.43:387][  0]LogConfig: Setting CVar [[r.SkyAtmosphere.AerialPerspectiveLUT.FastApplyOnOpaque:1 ; Always have FastSkyLUT 1 in this case to avoid wrong sky]]
[2024.06.13-12.14.43:387][  0]LogConfig: Setting CVar [[r.SkyAtmosphere.AerialPerspectiveLUT.SampleCountMaxPerSlice:4]]
[2024.06.13-12.14.43:387][  0]LogConfig: Setting CVar [[r.SkyAtmosphere.AerialPerspectiveLUT.DepthResolution:16.0]]
[2024.06.13-12.14.43:387][  0]LogConfig: Setting CVar [[r.SkyAtmosphere.FastSkyLUT:1]]
[2024.06.13-12.14.43:387][  0]LogConfig: Setting CVar [[r.SkyAtmosphere.FastSkyLUT.SampleCountMin:4.0]]
[2024.06.13-12.14.43:387][  0]LogConfig: Setting CVar [[r.SkyAtmosphere.FastSkyLUT.SampleCountMax:128.0]]
[2024.06.13-12.14.43:387][  0]LogConfig: Setting CVar [[r.SkyAtmosphere.SampleCountMin:4.0]]
[2024.06.13-12.14.43:387][  0]LogConfig: Setting CVar [[r.SkyAtmosphere.SampleCountMax:128.0]]
[2024.06.13-12.14.43:387][  0]LogConfig: Setting CVar [[r.SkyAtmosphere.TransmittanceLUT.UseSmallFormat:0]]
[2024.06.13-12.14.43:387][  0]LogConfig: Setting CVar [[r.SkyAtmosphere.TransmittanceLUT.SampleCount:10.0]]
[2024.06.13-12.14.43:387][  0]LogConfig: Setting CVar [[r.SkyAtmosphere.MultiScatteringLUT.SampleCount:15.0]]
[2024.06.13-12.14.43:387][  0]LogConfig: Setting CVar [[r.SkyLight.RealTimeReflectionCapture:1]]
[2024.06.13-12.14.43:387][  0]LogConfig: Applying CVar settings from Section [FoliageQuality@3] File [E:/UEProjects/HackerBoy_-unreal-/HackerBoy/Saved/Config/Windows/Scalability.ini]
[2024.06.13-12.14.43:387][  0]LogConfig: Setting CVar [[foliage.DensityScale:1.0]]
[2024.06.13-12.14.43:387][  0]LogConfig: Setting CVar [[grass.DensityScale:1.0]]
[2024.06.13-12.14.43:387][  0]LogConfig: Applying CVar settings from Section [ShadingQuality@3] File [E:/UEProjects/HackerBoy_-unreal-/HackerBoy/Saved/Config/Windows/Scalability.ini]
[2024.06.13-12.14.43:387][  0]LogConfig: Setting CVar [[r.HairStrands.SkyLighting.IntegrationType:2]]
[2024.06.13-12.14.43:387][  0]LogConfig: Setting CVar [[r.HairStrands.SkyAO.SampleCount:4]]
[2024.06.13-12.14.43:387][  0]LogConfig: Setting CVar [[r.HairStrands.Visibility.MSAA.SamplePerPixel:4]]
[2024.06.13-12.14.43:387][  0]LogConfig: Applying CVar settings from Section [Startup] File [../../../Engine/Config/ConsoleVariables.ini]
[2024.06.13-12.14.43:387][  0]LogConfig: Setting CVar [[net.UseAdaptiveNetUpdateFrequency:0]]
[2024.06.13-12.14.43:387][  0]LogConfig: Setting CVar [[p.chaos.AllowCreatePhysxBodies:1]]
[2024.06.13-12.14.43:387][  0]LogConfig: Setting CVar [[fx.SkipVectorVMBackendOptimizations:1]]
[2024.06.13-12.14.43:387][  0]LogConfig: Applying CVar settings from Section [ConsoleVariables] File [E:/UEProjects/HackerBoy_-unreal-/HackerBoy/Saved/Config/Windows/Engine.ini]
[2024.06.13-12.14.43:387][  0]LogConfig: Applying CVar settings from Section [ConsoleVariables] File [E:/UEProjects/HackerBoy_-unreal-/HackerBoy/Saved/Config/Windows/Editor.ini]
[2024.06.13-12.14.43:387][  0]LogInit: Computer: DESKTOP-U8N1AB8
[2024.06.13-12.14.43:388][  0]LogInit: User: usama
[2024.06.13-12.14.43:388][  0]LogInit: CPU Page size=4096, Cores=6
[2024.06.13-12.14.43:388][  0]LogInit: High frequency timer resolution =10.000000 MHz
[2024.06.13-12.14.43:388][  0]LogMemory: Memory total: Physical=15.9GB (16GB approx)
[2024.06.13-12.14.43:388][  0]LogMemory: Platform Memory Stats for Windows
[2024.06.13-12.14.43:388][  0]LogMemory: Process Physical Memory: 143.91 MB used, 143.91 MB peak
[2024.06.13-12.14.43:388][  0]LogMemory: Process Virtual Memory: 129.72 MB used, 129.72 MB peak
[2024.06.13-12.14.43:388][  0]LogMemory: Physical Memory: 7321.60 MB used,  8987.98 MB free, 16309.58 MB total
[2024.06.13-12.14.43:388][  0]LogMemory: Virtual Memory: 134206168.00 MB used,  11556.75 MB free, 134217728.00 MB total
[2024.06.13-12.14.43:391][  0]LogWindows: WindowsPlatformFeatures enabled
[2024.06.13-12.14.43:421][  0]LogInit: Physics initialised using underlying interface: PhysX
[2024.06.13-12.14.43:422][  0]LogInit: Using OS detected language (en-US).
[2024.06.13-12.14.43:422][  0]LogInit: Using OS detected locale (en-US).
[2024.06.13-12.14.43:423][  0]LogTextLocalizationManager: No specific localization for 'en-US' exists, so the 'en' localization will be used.
[2024.06.13-12.14.43:581][  0]LogInit: Setting process to per monitor DPI aware
[2024.06.13-12.14.43:590][  0]LogWindowsTextInputMethodSystem: Display: IME system deactivated.
[2024.06.13-12.14.43:599][  0]LogSlate: New Slate User Created.  User Index 0, Is Virtual User: 0
[2024.06.13-12.14.43:599][  0]LogSlate: Slate User Registered.  User Index 0, Is Virtual User: 0
[2024.06.13-12.14.43:705][  0]LogD3D11RHI: Loaded GFSDK_Aftermath_Lib.x64.dll
[2024.06.13-12.14.43:707][  0]LogHMD: Failed to initialize OpenVR with code 110
[2024.06.13-12.14.43:707][  0]LogD3D11RHI: D3D11 min allowed feature level: 11_0
[2024.06.13-12.14.43:707][  0]LogD3D11RHI: D3D11 max allowed feature level: 11_0
[2024.06.13-12.14.43:707][  0]LogD3D11RHI: D3D11 adapters:
[2024.06.13-12.14.43:836][  0]LogD3D11RHI:    0. 'NVIDIA GeForce RTX 3060' (Feature Level 11_0)
[2024.06.13-12.14.43:836][  0]LogD3D11RHI:       12129/0/8154 MB DedicatedVideo/DedicatedSystem/SharedSystem, Outputs:1, VendorId:0x10de
[2024.06.13-12.14.43:838][  0]LogD3D11RHI:    1. 'Microsoft Basic Render Driver' (Feature Level 11_0)
[2024.06.13-12.14.43:838][  0]LogD3D11RHI:       0/0/8154 MB DedicatedVideo/DedicatedSystem/SharedSystem, Outputs:0, VendorId:0x1414
[2024.06.13-12.14.43:838][  0]LogD3D11RHI: Chosen D3D11 Adapter:
[2024.06.13-12.14.43:838][  0]LogD3D11RHI:     Description : NVIDIA GeForce RTX 3060
[2024.06.13-12.14.43:838][  0]LogD3D11RHI:     VendorId    : 10de
[2024.06.13-12.14.43:838][  0]LogD3D11RHI:     DeviceId    : 2504
[2024.06.13-12.14.43:838][  0]LogD3D11RHI:     SubSysId    : 397b1462
[2024.06.13-12.14.43:838][  0]LogD3D11RHI:     Revision    : 00a1
[2024.06.13-12.14.43:838][  0]LogD3D11RHI:     DedicatedVideoMemory : 12718178304 bytes
[2024.06.13-12.14.43:838][  0]LogD3D11RHI:     DedicatedSystemMemory : 0 bytes
[2024.06.13-12.14.43:838][  0]LogD3D11RHI:     SharedSystemMemory : 8550918144 bytes
[2024.06.13-12.14.43:838][  0]LogD3D11RHI:     AdapterLuid : 0 40745
[2024.06.13-12.14.43:843][  0]LogD3D11RHI: Creating new Direct3DDevice
[2024.06.13-12.14.43:843][  0]LogD3D11RHI:     GPU DeviceId: 0x2504 (for the marketing name, search the web for "GPU Device Id")
[2024.06.13-12.14.43:843][  0]LogWindows: EnumDisplayDevices:
[2024.06.13-12.14.43:843][  0]LogWindows:    0. 'NVIDIA GeForce RTX 3060' (P:1 D:1)
[2024.06.13-12.14.43:843][  0]LogWindows:    1. 'NVIDIA GeForce RTX 3060' (P:0 D:0)
[2024.06.13-12.14.43:843][  0]LogWindows:    2. 'NVIDIA GeForce RTX 3060' (P:0 D:0)
[2024.06.13-12.14.43:843][  0]LogWindows:    3. 'NVIDIA GeForce RTX 3060' (P:0 D:0)
[2024.06.13-12.14.43:844][  0]LogWindows: DebugString: FoundDriverCount:4 
[2024.06.13-12.14.43:844][  0]LogD3D11RHI:     Adapter Name: NVIDIA GeForce RTX 3060
[2024.06.13-12.14.43:844][  0]LogD3D11RHI:   Driver Version: 536.99 (internal:31.0.15.3699, unified:536.99)
[2024.06.13-12.14.43:844][  0]LogD3D11RHI:      Driver Date: 8-4-2023
[2024.06.13-12.14.43:844][  0]LogRHI: Texture pool is 8490 MB (70% of 12129 MB)
[2024.06.13-12.14.43:844][  0]LogD3D11RHI: Creating D3DDevice using adapter:
[2024.06.13-12.14.43:844][  0]LogD3D11RHI:     Description : NVIDIA GeForce RTX 3060
[2024.06.13-12.14.43:844][  0]LogD3D11RHI:     VendorId    : 10de
[2024.06.13-12.14.43:844][  0]LogD3D11RHI:     DeviceId    : 2504
[2024.06.13-12.14.43:844][  0]LogD3D11RHI:     SubSysId    : 397b1462
[2024.06.13-12.14.43:844][  0]LogD3D11RHI:     Revision    : 00a1
[2024.06.13-12.14.43:844][  0]LogD3D11RHI:     DedicatedVideoMemory : 12718178304 bytes
[2024.06.13-12.14.43:844][  0]LogD3D11RHI:     DedicatedSystemMemory : 0 bytes
[2024.06.13-12.14.43:844][  0]LogD3D11RHI:     SharedSystemMemory : 8550918144 bytes
[2024.06.13-12.14.43:844][  0]LogD3D11RHI:     AdapterLuid : 0 40745
[2024.06.13-12.14.43:934][  0]LogD3D11RHI: RHI has support for 64 bit atomics
[2024.06.13-12.14.43:935][  0]LogD3D11RHI: Async texture creation enabled
[2024.06.13-12.14.43:935][  0]LogD3D11RHI: Array index from any shader is supported
[2024.06.13-12.14.43:961][  0]LogD3D11RHI: GPU Timing Frequency: 1000.000000 (Debug: 2 1)
[2024.06.13-12.14.43:982][  0]LogRHI: GeForceNow SDK initialized: 1
[2024.06.13-12.14.44:199][  0]LogTargetPlatformManager: Display: Loaded TargetPlatform 'AllDesktop'
[2024.06.13-12.14.44:218][  0]LogTargetPlatformManager: Display: Loaded TargetPlatform 'Android'
[2024.06.13-12.14.44:218][  0]LogTargetPlatformManager: Display: Loaded TargetPlatform 'Android_ASTC'
[2024.06.13-12.14.44:218][  0]LogTargetPlatformManager: Display: Loaded TargetPlatform 'Android_DXT'
[2024.06.13-12.14.44:218][  0]LogTargetPlatformManager: Display: Loaded TargetPlatform 'Android_ETC2'
[2024.06.13-12.14.44:218][  0]LogTargetPlatformManager: Display: Loaded TargetPlatform 'AndroidClient'
[2024.06.13-12.14.44:218][  0]LogTargetPlatformManager: Display: Loaded TargetPlatform 'Android_ASTCClient'
[2024.06.13-12.14.44:218][  0]LogTargetPlatformManager: Display: Loaded TargetPlatform 'Android_DXTClient'
[2024.06.13-12.14.44:218][  0]LogTargetPlatformManager: Display: Loaded TargetPlatform 'Android_ETC2Client'
[2024.06.13-12.14.44:218][  0]LogTargetPlatformManager: Display: Loaded TargetPlatform 'Android_Multi'
[2024.06.13-12.14.44:218][  0]LogTargetPlatformManager: Display: Loaded TargetPlatform 'Android_MultiClient'
[2024.06.13-12.14.44:232][  0]LogTargetPlatformManager: Display: Loaded TargetPlatform 'IOSClient'
[2024.06.13-12.14.44:232][  0]LogTargetPlatformManager: Display: Loaded TargetPlatform 'IOS'
[2024.06.13-12.14.44:239][  0]LogTargetPlatformManager: Display: Loaded TargetPlatform 'Linux'
[2024.06.13-12.14.44:242][  0]LogTargetPlatformManager: Display: Loaded TargetPlatform 'LinuxNoEditor'
[2024.06.13-12.14.44:245][  0]LogTargetPlatformManager: Display: Loaded TargetPlatform 'LinuxClient'
[2024.06.13-12.14.44:249][  0]LogTargetPlatformManager: Display: Loaded TargetPlatform 'LinuxServer'
[2024.06.13-12.14.44:256][  0]LogTargetPlatformManager: Display: Loaded TargetPlatform 'LinuxAArch64NoEditor'
[2024.06.13-12.14.44:259][  0]LogTargetPlatformManager: Display: Loaded TargetPlatform 'LinuxAArch64Client'
[2024.06.13-12.14.44:262][  0]LogTargetPlatformManager: Display: Loaded TargetPlatform 'LinuxAArch64Server'
[2024.06.13-12.14.44:281][  0]LogTargetPlatformManager: Display: Loaded TargetPlatform 'Lumin'
[2024.06.13-12.14.44:281][  0]LogTargetPlatformManager: Display: Loaded TargetPlatform 'LuminClient'
[2024.06.13-12.14.44:288][  0]LogTargetPlatformManager: Display: Loaded TargetPlatform 'MacNoEditor'
[2024.06.13-12.14.44:292][  0]LogTargetPlatformManager: Display: Loaded TargetPlatform 'Mac'
[2024.06.13-12.14.44:295][  0]LogTargetPlatformManager: Display: Loaded TargetPlatform 'MacClient'
[2024.06.13-12.14.44:298][  0]LogTargetPlatformManager: Display: Loaded TargetPlatform 'MacServer'
[2024.06.13-12.14.44:306][  0]LogTargetPlatformManager: Display: Loaded TargetPlatform 'TVOSClient'
[2024.06.13-12.14.44:306][  0]LogTargetPlatformManager: Display: Loaded TargetPlatform 'TVOS'
[2024.06.13-12.14.44:313][  0]LogTargetPlatformManager: Display: Loaded TargetPlatform 'WindowsNoEditor'
[2024.06.13-12.14.44:316][  0]LogTargetPlatformManager: Display: Loaded TargetPlatform 'Windows'
[2024.06.13-12.14.44:319][  0]LogTargetPlatformManager: Display: Loaded TargetPlatform 'WindowsClient'
[2024.06.13-12.14.44:322][  0]LogTargetPlatformManager: Display: Loaded TargetPlatform 'WindowsServer'
[2024.06.13-12.14.44:322][  0]LogTargetPlatformManager: Display: Building Assets For Windows
[2024.06.13-12.14.44:327][  0]LogAudioDebug: Display: Lib vorbis DLL was dynamically loaded.
[2024.06.13-12.14.44:346][  0]LogTextureFormatOodle: Display: Oodle Texture 2.9.0 init RDO Off
[2024.06.13-12.14.44:366][  0]LogRendererCore: Ray tracing is disabled. Reason: r.RayTracing=0.
[2024.06.13-12.14.44:366][  0]LogShaderCompilers: Guid format shader working directory is 3 characters bigger than the processId version (E:/UEProjects/HackerBoy_-unreal-/HackerBoy/Intermediate/Shaders/WorkingDirectory/10936/).
[2024.06.13-12.14.44:366][  0]LogShaderCompilers: Cleaned the shader compiler working directory 'C:/Users/usama/AppData/Local/Temp/UnrealShaderWorkingDir/33F410C9426F8D593E6347AB6FCAFE1B/'.
[2024.06.13-12.14.44:366][  0]LogXGEController: Cannot use XGE Controller as Incredibuild is not installed on this machine.
[2024.06.13-12.14.44:367][  0]LogShaderCompilers: Cannot use XGE Shader Compiler as Incredibuild is not installed on this machine.
[2024.06.13-12.14.44:367][  0]LogShaderCompilers: Display: Using Local Shader Compiler.
[2024.06.13-12.14.44:948][  0]LogDerivedDataCache: Display: Max Cache Size: 512 MB
[2024.06.13-12.14.44:997][  0]LogDerivedDataCache: Loaded boot cache 0.05s 94MB C:/Users/usama/AppData/Local/UnrealEngine/4.27/DerivedDataCache/Boot.ddc.
[2024.06.13-12.14.44:997][  0]LogDerivedDataCache: Display: Loaded Boot cache: C:/Users/usama/AppData/Local/UnrealEngine/4.27/DerivedDataCache/Boot.ddc
[2024.06.13-12.14.44:997][  0]LogDerivedDataCache: FDerivedDataBackendGraph:  Pak pak cache file E:/UEProjects/HackerBoy_-unreal-/HackerBoy/DerivedDataCache/DDC.ddp not found, will not use a pak cache.
[2024.06.13-12.14.44:997][  0]LogDerivedDataCache: Unable to find inner node Pak for hierarchical cache Hierarchy.
[2024.06.13-12.14.44:997][  0]LogDerivedDataCache: FDerivedDataBackendGraph:  CompressedPak pak cache file E:/UEProjects/HackerBoy_-unreal-/HackerBoy/DerivedDataCache/Compressed.ddp not found, will not use a pak cache.
[2024.06.13-12.14.44:997][  0]LogDerivedDataCache: Unable to find inner node CompressedPak for hierarchical cache Hierarchy.
[2024.06.13-12.14.45:013][  0]LogDerivedDataCache: Display: Pak cache opened for reading ../../../Engine/DerivedDataCache/Compressed.ddp.
[2024.06.13-12.14.45:013][  0]LogDerivedDataCache: FDerivedDataBackendGraph:  EnterprisePak pak cache file ../../../Enterprise/DerivedDataCache/Compressed.ddp not found, will not use a pak cache.
[2024.06.13-12.14.45:013][  0]LogDerivedDataCache: Unable to find inner node EnterprisePak for hierarchical cache Hierarchy.
[2024.06.13-12.14.45:019][  0]LogDerivedDataCache: Speed tests for C:/Users/usama/AppData/Local/UnrealEngine/Common/DerivedDataCache took 0.01 seconds
[2024.06.13-12.14.45:019][  0]LogDerivedDataCache: Display: Performance to C:/Users/usama/AppData/Local/UnrealEngine/Common/DerivedDataCache: Latency=0.02ms. RandomReadSpeed=1611.24MBs, RandomWriteSpeed=190.14MBs. Assigned SpeedClass 'Local'
[2024.06.13-12.14.45:020][  0]LogDerivedDataCache: Using Local data cache path C:/Users/usama/AppData/Local/UnrealEngine/Common/DerivedDataCache: Writable
[2024.06.13-12.14.45:020][  0]LogDerivedDataCache: Shared data cache path not found in *engine.ini, will not use an Shared cache.
[2024.06.13-12.14.45:020][  0]LogDerivedDataCache: Unable to find inner node Shared for hierarchical cache Hierarchy.
[2024.06.13-12.14.45:063][  0]LogSlate: Using FreeType 2.10.0
[2024.06.13-12.14.45:064][  0]LogSlate: SlateFontServices - WITH_FREETYPE: 1, WITH_HARFBUZZ: 1
[2024.06.13-12.14.45:083][  0]LogAssetRegistry: FAssetRegistry took 0.0023 seconds to start up
[2024.06.13-12.14.45:309][  0]LogInit: Selected Device Profile: [Windows]
[2024.06.13-12.14.45:309][  0]LogInit: Active device profile: [000002D7FF8E3200][000002D7FDE35A80 49] Windows
[2024.06.13-12.14.45:309][  0]LogInit: Profiles: [000002D7FF8E3200][000002D7FDE35A80 49] Windows, [000002D7FF8A1000][000002D7FDE43C00 49] WindowsNoEditor, [000002D7FF8E1000][000002D7FDE46200 49] WindowsServer, [000002D7FF8A2900][000002D7FDE4A380 49] WindowsClient, [000002D7FF8E2800][000002D7FDE4E500 49] IOS, [000002D7FF8A1A00][000002D7FDE38640 49] iPadAir, [000002D7FF8E1900][000002D7FDE52780 49] iPadAir2, [000002D7FF84F700][000002D7FDE609C0 49] IPadPro, [000002D7FF84F800][000002D7FDE56A00 49] iPadAir3, [000002D7FF8E2100][000002D7FF024B80 49] iPadAir4, [000002D7FF84D500][000002D7FF028D00 49] iPadMini2, [000002D7FF8E2E00][000002D7FF02CE80 49] iPadMini3, [000002D7FF84E300][000002D7FF031000 49] iPadMini4, [000002D7FF8E1100][000002D7FF035180 49] iPadMini5, [000002D7FF89B000][000002D7FF03D440 49] iPhone6, [000002D7FF89B100][000002D7FF039480 49] iPodTouch6, [000002D7FF84C700][000002D7FF045740 49] iPhone7, [000002D7FF84C600][000002D7FF041780 49] iPodTouch7, [000002D7FF899400][000002D7FF049900 49] iPhone5S, [000002D7FF84E100][000002D7FF04DA80 49] iPhone6Plus, [000002D7FF89A400][000002D7FF051C00 49] iPhone6S, [000002D7FF84ED00][000002D7FF054200 49] iPhone6SPlus, [000002D7FF89BA00][000002D7FF058380 49] iPhone7Plus, [000002D7FF84FE00][000002D7FF05C500 49] iPhoneSE, [000002D7FF899700][000002D7FF060680 49] iPhone8, [000002D7FF84DE00][000002D7FDE647C0 49] iPhone8Plus, [000002D7FF89A300][000002D7FF064900 49] iPhoneX, [000002D7FF84F000][000002D7FF068A40 49] iPhoneXS, [000002D7FF89B600][000002D7FF06CB80 49] iPhoneXSMax, [000002D7FF84EB00][000002D7FF074D00 49] iPhoneXR, [000002D7FF89BB00][000002D7FF078E80 49] iPhone11, [000002D7FF84E000][000002D7FF07D000 49] iPhone11Pro, [000002D7FF899500][000002D7FF081180 49] iPhone11ProMax, [000002D7FF84C100][000002D7FF085300 49] iPhoneSE2, [000002D7FF899300][000002D7FF089480 49] iPhone12Mini, [000002D7FF84FF00][000002D7FF08D600 49] iPhone12, [000002D7FF89AE00][000002D7FF091780 49] iPhone12Pro, [000002D7FF84D700][000002D782333900 49] iPhone12ProMax, [000002D7FF89B700][000002D782337A80 49] iPadPro105, [000002D7FF84C200][000002D78233BC00 49] iPadPro129, [000002D7FF898E00][000002D78233E200 49] iPadPro97, [000002D7FF84D100][000002D782342380 49] iPadPro2_129, [000002D7FF89A900][000002D782346500 49] iPad5, [000002D7FF84CF00][000002D78234A680 49] iPad6, [000002D7FF898300][000002D78234E800 49] iPad7, [000002D7FF84CE00][000002D7FF070940 49] iPad8, [000002D7FF898D00][000002D782352A80 49] iPadPro11, [000002D7FF84D900][000002D782356BC0 49] iPadPro2_11, [000002D7FF89B200][000002D78235AD00 49] iPadPro3_129, [000002D7FF84DA00][000002D782362E80 49] iPadPro4_129, [000002D7FF89BF00][000002D782367000 49] AppleTV, [000002D7FF84F600][000002D78236B180 49] AppleTV4K, [000002D7FF899B00][000002D78236F300 49] TVOS, [000002D7FF84E800][000002D782373480 49] Mac, [000002D7FF898700][000002D782377600 49] MacClient, [000002D7FF84C900][000002D78237B780 49] MacNoEditor, [000002D7FF89AF00][000002D78237F900 49] MacServer, [000002D7FF84D600][000002D782383A80 49] Linux, [000002D7FF8A2100][000002D782387C00 49] LinuxAArch64, [000002D7FF920300][000002D78238A200 49] LinuxNoEditor, [000002D7FF8A3800][000002D78238E380 49] LinuxAArch64NoEditor, [000002D7FF920D00][000002D782392500 49] LinuxClient, [000002D7FF8A3D00][000002D782396680 49] LinuxAArch64Client, [000002D7FF921900][000002D78239A800 49] LinuxServer, [000002D7FF8A3700][000002D78239E980 49] LinuxAArch64Server, [000002D7FF921600][000002D7823A2B00 49] Android, [000002D7FF8A3000][000002D78235EC40 49] Android_Low, [000002D7FF921100][000002D7823A6D80 49] Android_Mid, [000002D7FF8A3A00][000002D7823AAEC0 49] Android_High, [000002D7FF922700][000002D7823B3040 49] Android_Default, [000002D7FF8A2700][000002D7823B71C0 49] Android_Adreno4xx, [000002D7FF920500][000002D7823BB340 49] Android_Adreno5xx_Low, [000002D7FF8A1300][000002D7823BF4C0 49] Android_Adreno5xx, [000002D7FF921F00][000002D7823C3640 49] Android_Adreno6xx, [000002D7FF8A0D00][000002D7823C77C0 49] Android_Adreno6xx_Vulkan, [000002D7FF920C00][000002D7823CB940 49] Android_Mali_T6xx, [000002D7FF8A1600][000002D7823CFAC0 49] Android_Mali_T7xx, [000002D7FF922300][000002D7823D20C0 49] Android_Mali_T8xx, [000002D7FF84D000][000002D7823D6240 49] Android_Mali_G71, [000002D7FF89A100][000002D7823DA3C0 49] Android_Mali_G72, [000002D7FF84E200][000002D7823DE540 49] Android_Mali_G72_Vulkan, [000002D7FF89AD00][000002D7823E26C0 49] Android_Mali_G76, [000002D7FF84CA00][000002D7823E6840 49] Android_Mali_G76_Vulkan, [000002D7FF89A200][000002D7823EA9C0 49] Android_Mali_G77, [000002D7FF84F100][000002D7823EEB40 49] Android_Mali_G77_Vulkan, [000002D7FF899A00][000002D7823F2CC0 49] Android_Mali_G78, [000002D7FF84F300][000002D7823AEE00 49] Android_Mali_G78_Vulkan, [000002D7FF922400][000002D7823F6F40 49] Android_Mali_G710, [000002D7FF84DC00][000002D7823FB080 49] Android_Mali_G710_Vulkan, [000002D7FF920E00][000002D7823FF1C0 49] Android_Vulkan_SM5, [000002D7FF84CD00][000002D782407340 49] Android_PowerVR_G6xxx, [000002D7FF921D00][000002D78240B4C0 49] Android_PowerVR_GT7xxx, [000002D7FF84D300][000002D78240F640 49] Android_PowerVR_GE8xxx, [000002D7FF921A00][000002D7824137C0 49] Android_PowerVR_GM9xxx, [000002D7FF84E500][000002D782417940 49] Android_PowerVR_GM9xxx_Vulkan, [000002D7FF920400][000002D78241BAC0 49] Android_TegraK1, [000002D7FF84F400][000002D7818140C0 49] Android_Unknown_Vulkan, [000002D7FF921800][000002D781818240 49] Lumin, [000002D7FF84EE00][000002D78181C3C0 49] Lumin_Desktop, [000002D7FF898400][000002D781820540 49] HoloLens, 
[2024.06.13-12.14.45:415][  0]LogMeshReduction: Using QuadricMeshReduction for automatic static mesh reduction
[2024.06.13-12.14.45:415][  0]LogMeshReduction: Using SimplygonMeshReduction for automatic skeletal mesh reduction
[2024.06.13-12.14.45:415][  0]LogMeshReduction: Using ProxyLODMeshReduction for automatic mesh merging
[2024.06.13-12.14.45:415][  0]LogMeshReduction: No distributed automatic mesh merging module available
[2024.06.13-12.14.45:415][  0]LogMeshMerging: No distributed automatic mesh merging module available
[2024.06.13-12.14.45:428][  0]LogNetVersion: HackerBoy 1.0.0, NetCL: 17155196, EngineNetVer: 17, GameNetVer: 0 (Checksum: 3280780061)
[2024.06.13-12.14.45:744][  0]LogTexture: Default maximum texture size for cubemaps generated from long-lat sources has been changed from 512 to unlimited. In order to preserve old behaiour for '/Engine/MapTemplates/Sky/DaylightAmbientCubemap.DaylightAmbientCubemap', its maximum texture size has been explicitly set to 512.
[2024.06.13-12.14.45:794][  0]LogHMD: PokeAHoleMaterial loaded successfully
[2024.06.13-12.14.45:799][  0]LogUObjectArray: 17178 objects as part of root set at end of initial load.
[2024.06.13-12.14.45:799][  0]LogUObjectAllocator: 4302048 out of 0 bytes used by permanent object pool.
[2024.06.13-12.14.45:799][  0]LogUObjectArray: CloseDisregardForGC: 0/0 objects in disregard for GC pool
[2024.06.13-12.14.46:008][  0]LogNiagaraDebuggerClient: Niagara Debugger Client Initialized | Session: 0074C1C440E3B9BD76AD2296049AE0A0 | Instance: 7ADA101841550852AD9FAC8D9211B541 (DESKTOP-U8N1AB8-10936).
[2024.06.13-12.14.46:035][  0]LogPython: Using Python 3.7.7
[2024.06.13-12.14.46:545][  0]LogTcpMessaging: Initializing TcpMessaging bridge
[2024.06.13-12.14.46:557][  0]LogUdpMessaging: Initializing bridge on interface 0.0.0.0:0 to multicast group 230.0.0.1:6666.
[2024.06.13-12.14.46:704][  0]SourceControl: Source control is disabled
[2024.06.13-12.14.46:704][  0]SourceControl: Source control is disabled
[2024.06.13-12.14.46:737][  0]SourceControl: Source control is disabled
[2024.06.13-12.14.46:744][  0]SourceControl: Source control is disabled
[2024.06.13-12.14.46:748][  0]SourceControl: Source control is disabled
[2024.06.13-12.14.46:752][  0]LogUProjectInfo: Found projects:
[2024.06.13-12.14.46:850][  0]LogOpenImageDenoise: OIDN starting up
[2024.06.13-12.14.46:881][  0]LogAndroidPermission: UAndroidPermissionCallbackProxy::GetInstance
[2024.06.13-12.14.46:898][  0]LogAudioCaptureCore: Display: No Audio Capture implementations found. Audio input will be silent.
[2024.06.13-12.14.46:898][  0]LogAudioCaptureCore: Display: No Audio Capture implementations found. Audio input will be silent.
[2024.06.13-12.14.46:993][  0]LogCollectionManager: Loaded 0 collections in 0.000658 seconds
[2024.06.13-12.14.47:013][  0]LogFileCache: Scanning file cache for directory 'E:/UEProjects/HackerBoy_-unreal-/HackerBoy/Saved/Collections/' took 0.00s
[2024.06.13-12.14.47:013][  0]LogFileCache: Scanning file cache for directory 'E:/UEProjects/HackerBoy_-unreal-/HackerBoy/Content/Developers/usama/Collections/' took 0.00s
[2024.06.13-12.14.47:013][  0]LogFileCache: Scanning file cache for directory 'E:/UEProjects/HackerBoy_-unreal-/HackerBoy/Content/Collections/' took 0.00s
[2024.06.13-12.14.47:013][  0]LogOcInput: OculusInput pre-init called
[2024.06.13-12.14.47:215][  0]LogEngine: Initializing Engine...
[2024.06.13-12.14.47:217][  0]LogHMD: Failed to enumerate extensions. Please check that you have a valid OpenXR runtime installed.
[2024.06.13-12.14.47:217][  0]LogHMD: Failed to initialize OpenVR with code 110
[2024.06.13-12.14.47:217][  0]LogMagicLeap: Warning: VR disabled because ZI is not enabled.  To enable, in the editor, Edit -> Project Settings -> Plugins -> Magic Leap Plugin -> Enable Zero Iteration
[2024.06.13-12.14.47:218][  0]LogStats: UGameplayTagsManager::InitializeManager -  0.000 s
[2024.06.13-12.14.47:309][  0]LogInit: Initializing FReadOnlyCVARCache
[2024.06.13-12.14.47:318][  0]LogAIModule: Creating AISystem for world Untitled
[2024.06.13-12.14.47:324][  0]LogAudio: Display: Initializing Audio Device Manager...
[2024.06.13-12.14.47:327][  0]LogAudio: Display: Loading Default Audio Settings Objects...
[2024.06.13-12.14.47:327][  0]LogAudio: Display: No default SoundConcurrencyObject specified (or failed to load).
[2024.06.13-12.14.47:328][  0]LogAudio: Display: Audio Device Manager Initialized
[2024.06.13-12.14.47:328][  0]LogAudio: Display: Creating Audio Device:                 Id: 1, Scope: Shared, Realtime: True
[2024.06.13-12.14.47:328][  0]LogAudioMixer: Display: Audio Mixer Platform Settings:
[2024.06.13-12.14.47:328][  0]LogAudioMixer: Display: 	Sample Rate:						  48000
[2024.06.13-12.14.47:328][  0]LogAudioMixer: Display: 	Callback Buffer Frame Size Requested: 1024
[2024.06.13-12.14.47:328][  0]LogAudioMixer: Display: 	Callback Buffer Frame Size To Use:	  1024
[2024.06.13-12.14.47:328][  0]LogAudioMixer: Display: 	Number of buffers to queue:			  2
[2024.06.13-12.14.47:328][  0]LogAudioMixer: Display: 	Max Channels (voices):				  32
[2024.06.13-12.14.47:328][  0]LogAudioMixer: Display: 	Number of Async Source Workers:		  0
[2024.06.13-12.14.47:328][  0]LogAudio: Display: AudioDevice MaxSources: 32
[2024.06.13-12.14.47:328][  0]LogAudio: Display: Audio Spatialization Plugin: None (built-in).
[2024.06.13-12.14.47:328][  0]LogAudio: Display: Audio Reverb Plugin: None (built-in).
[2024.06.13-12.14.47:328][  0]LogAudio: Display: Audio Occlusion Plugin: None (built-in).
[2024.06.13-12.14.47:328][  0]LogAudioMixer: Display: Initializing audio mixer.
[2024.06.13-12.14.47:336][  0]LogAudioMixer: Display: 0: FrontLeft
[2024.06.13-12.14.47:336][  0]LogAudioMixer: Display: 1: FrontRight
[2024.06.13-12.14.47:348][  0]LogAudioMixer: Display: Using Audio Device Headphones (High Definition Audio Device)
[2024.06.13-12.14.47:350][  0]LogAudioMixer: Display: Initializing Sound Submixes...
[2024.06.13-12.14.47:352][  0]LogAudioMixer: Display: Creating Master Submix 'MasterSubmixDefault'
[2024.06.13-12.14.47:352][  0]LogAudioMixer: Display: Creating Master Submix 'MasterReverbSubmixDefault'
[2024.06.13-12.14.47:353][  0]LogAudioMixer: Display: Creating Master Submix 'MasterEQSubmixDefault'
[2024.06.13-12.14.47:353][  0]LogAudioMixer: FMixerPlatformXAudio2::StartAudioStream() called
[2024.06.13-12.14.47:353][  0]LogAudioMixer: Display: Output buffers initialized: Frames=1024, Channels=2, Samples=2048
[2024.06.13-12.14.47:354][  0]LogAudioMixer: Display: Starting AudioMixerPlatformInterface::RunInternal()
[2024.06.13-12.14.47:354][  0]LogAudioMixer: Display: FMixerPlatformXAudio2::SubmitBuffer() called for the first time
[2024.06.13-12.14.47:354][  0]LogInit: FAudioDevice initialized.
[2024.06.13-12.14.47:354][  0]LogAudio: Display: Audio Device (ID: 1) registered with world 'Untitled'.
[2024.06.13-12.14.47:354][  0]LogNetVersion: Set ProjectVersion to 1.0.0.0. Version Checksum will be recalculated on next use.
[2024.06.13-12.14.47:410][  0]LogDerivedDataCache: Saved boot cache 0.06s 94MB C:/Users/usama/AppData/Local/UnrealEngine/4.27/DerivedDataCache/Boot.ddc.
[2024.06.13-12.14.47:410][  0]LogInit: Texture streaming: Enabled
[2024.06.13-12.14.47:419][  0]LogAnalytics: Display: [UEEditor.Rocket.Release] APIServer = https://datarouter.ol.epicgames.com/. AppVersion = 4.27.2-18319896+++UE4+Release-4.27
[2024.06.13-12.14.47:422][  0]LogEngineSessionManager: EngineSessionManager initialized
[2024.06.13-12.14.47:422][  0]LogEditorSessionSummary: Verbose: Initializing EditorSessionSummaryWriter for editor session tracking
[2024.06.13-12.14.47:423][  0]LogEditorSessionSummary: EditorSessionSummaryWriter initialized
[2024.06.13-12.14.47:435][  0]LogInit: Transaction tracking system initialized
[2024.06.13-12.14.47:450][  0]BlueprintLog: New page: Editor Load
[2024.06.13-12.14.47:527][  0]LocalizationService: Localization service is disabled
[2024.06.13-12.14.47:550][  0]TimingProfiler: Initialize
[2024.06.13-12.14.47:550][  0]TimingProfiler: OnSessionChanged
[2024.06.13-12.14.47:550][  0]LoadingProfiler: Initialize
[2024.06.13-12.14.47:550][  0]LoadingProfiler: OnSessionChanged
[2024.06.13-12.14.47:550][  0]NetworkingProfiler: Initialize
[2024.06.13-12.14.47:550][  0]NetworkingProfiler: OnSessionChanged
[2024.06.13-12.14.47:550][  0]MemoryProfiler: Initialize
[2024.06.13-12.14.47:550][  0]MemoryProfiler: OnSessionChanged
[2024.06.13-12.14.47:666][  0]LogCook: Display: CookSettings for Memory: MemoryMaxUsedVirtual 0MiB, MemoryMaxUsedPhysical 16384MiB, MemoryMinFreeVirtual 0MiB, MemoryMinFreePhysical 1024MiB
[2024.06.13-12.14.47:666][  0]LogCook: Display: Mobile HDR setting 1
[2024.06.13-12.14.47:804][  0]LogFileCache: Scanning file cache for directory 'E:/UEProjects/HackerBoy_-unreal-/HackerBoy/Content/' took 0.00s
[2024.06.13-12.14.47:942][  0]LogInit: Display: Engine is initialized. Leaving FEngineLoop::Init()
[2024.06.13-12.14.47:945][  0]SourceControl: Source control is disabled
[2024.06.13-12.14.47:945][  0]LogUnrealEdMisc: Loading editor; pre map load, took 5.261
[2024.06.13-12.14.47:945][  0]Cmd: MAP LOAD FILE="E:/UEProjects/HackerBoy_-unreal-/HackerBoy/Content/ThirdPersonBP/Maps/ThirdPersonExampleMap.umap" TEMPLATE=0 SHOWPROGRESS=1 FEATURELEVEL=3
[2024.06.13-12.14.47:945][  0]LightingResults: New page: Lighting Build
[2024.06.13-12.14.47:946][  0]LogWorld: UWorld::CleanupWorld for Untitled, bSessionEnded=true, bCleanupResources=true
[2024.06.13-12.14.47:946][  0]LogSlate: InvalidateAllWidgets triggered.  All widgets were invalidated
[2024.06.13-12.14.47:947][  0]MapCheck: New page: Map Check
[2024.06.13-12.14.47:947][  0]LightingResults: New page: Lighting Build
[2024.06.13-12.14.47:951][  0]LogAudio: Display: Audio Device unregistered from world 'None'.
[2024.06.13-12.14.47:954][  0]LogUObjectHash: Compacting FUObjectHashTables data took   0.83ms
[2024.06.13-12.14.48:076][  0]LogAudio: Display: Audio Device (ID: 1) registered with world 'ThirdPersonExampleMap'.
[2024.06.13-12.14.48:077][  0]LogAIModule: Creating AISystem for world ThirdPersonExampleMap
[2024.06.13-12.14.48:081][  0]LogEditorServer: Finished looking for orphan Actors (0.000 secs)
[2024.06.13-12.14.48:088][  0]LogUObjectHash: Compacting FUObjectHashTables data took   1.09ms
[2024.06.13-12.14.48:089][  0]Cmd: MAP CHECKDEP NOCLEARLOG
[2024.06.13-12.14.48:089][  0]MapCheck: Map check complete: 0 Error(s), 0 Warning(s), took 0.109ms to complete.
[2024.06.13-12.14.48:089][  0]LogFileHelpers: Loading map 'ThirdPersonExampleMap' took 0.144
[2024.06.13-12.14.48:091][  0]LogUnrealEdMisc: Total Editor Startup Time, took 5.406
[2024.06.13-12.14.48:442][  0]LogSlate: Only BGRA pngs, bmps or icos are supported in by External Image Picker
[2024.06.13-12.14.48:504][  0]LogSlate: Updating window title bar state: overlay mode, drag disabled, window buttons hidden, title bar hidden
[2024.06.13-12.14.48:510][  0]LogSlate: Updating window title bar state: overlay mode, drag disabled, window buttons hidden, title bar hidden
[2024.06.13-12.14.48:514][  0]LogSlate: Updating window title bar state: overlay mode, drag disabled, window buttons hidden, title bar hidden
[2024.06.13-12.14.48:519][  0]LogSlate: Updating window title bar state: overlay mode, drag disabled, window buttons hidden, title bar hidden
[2024.06.13-12.14.48:588][  0]LogNativeClassHierarchy: Verbose: Native class hierarchy populated in 0.0099 seconds. Added 3822 classes and 928 folders.
[2024.06.13-12.14.48:591][  0]LogNativeClassHierarchy: Verbose: Native class hierarchy updated for 'WidgetCarousel' in 0.0002 seconds. Added 0 classes and 0 folders.
[2024.06.13-12.14.48:593][  0]LogPakFile: PakFile PrimaryIndexSize=187
[2024.06.13-12.14.48:593][  0]LogPakFile: PakFile PathHashIndexSize=101
[2024.06.13-12.14.48:593][  0]LogPakFile: PakFile FullDirectoryIndexSize=148
[2024.06.13-12.14.48:593][  0]LogShaderLibrary: Display: ShaderCodeLibraryPakFileMountedCallback: PakFile 'D:/UE_Setup/UE_4.27/FeaturePacks/FP_FirstPerson.upack' (chunk index -1, root 'root:/') mounted
[2024.06.13-12.14.48:593][  0]LogShaderLibrary: Display: ShaderCodeLibraryPakFileMountedCallback: pending pak file info (ChunkID:-1 Root:root:/ File:D:/UE_Setup/UE_4.27/FeaturePacks/FP_FirstPerson.upack)
[2024.06.13-12.14.48:593][  0]LogPakFile: OnPakFileMounted2Time == 0.000047
[2024.06.13-12.14.48:593][  0]LogPakFile: PakFile PrimaryIndexSize=189
[2024.06.13-12.14.48:593][  0]LogPakFile: PakFile PathHashIndexSize=101
[2024.06.13-12.14.48:593][  0]LogPakFile: PakFile FullDirectoryIndexSize=152
[2024.06.13-12.14.48:593][  0]LogShaderLibrary: Display: ShaderCodeLibraryPakFileMountedCallback: PakFile 'D:/UE_Setup/UE_4.27/FeaturePacks/FP_FirstPersonBP.upack' (chunk index -1, root 'root:/') mounted
[2024.06.13-12.14.48:593][  0]LogShaderLibrary: Display: ShaderCodeLibraryPakFileMountedCallback: pending pak file info (ChunkID:-1 Root:root:/ File:D:/UE_Setup/UE_4.27/FeaturePacks/FP_FirstPersonBP.upack)
[2024.06.13-12.14.48:593][  0]LogPakFile: OnPakFileMounted2Time == 0.000030
[2024.06.13-12.14.48:593][  0]LogPakFile: PakFile PrimaryIndexSize=191
[2024.06.13-12.14.48:593][  0]LogPakFile: PakFile PathHashIndexSize=101
[2024.06.13-12.14.48:594][  0]LogPakFile: PakFile FullDirectoryIndexSize=160
[2024.06.13-12.14.48:594][  0]LogShaderLibrary: Display: ShaderCodeLibraryPakFileMountedCallback: PakFile 'D:/UE_Setup/UE_4.27/FeaturePacks/MobileStarterContent.upack' (chunk index -1, root 'root:/') mounted
[2024.06.13-12.14.48:594][  0]LogShaderLibrary: Display: ShaderCodeLibraryPakFileMountedCallback: pending pak file info (ChunkID:-1 Root:root:/ File:D:/UE_Setup/UE_4.27/FeaturePacks/MobileStarterContent.upack)
[2024.06.13-12.14.48:594][  0]LogPakFile: OnPakFileMounted2Time == 0.000027
[2024.06.13-12.14.48:594][  0]LogPakFile: PakFile PrimaryIndexSize=185
[2024.06.13-12.14.48:594][  0]LogPakFile: PakFile PathHashIndexSize=101
[2024.06.13-12.14.48:594][  0]LogPakFile: PakFile FullDirectoryIndexSize=148
[2024.06.13-12.14.48:594][  0]LogShaderLibrary: Display: ShaderCodeLibraryPakFileMountedCallback: PakFile 'D:/UE_Setup/UE_4.27/FeaturePacks/StarterContent.upack' (chunk index -1, root 'root:/') mounted
[2024.06.13-12.14.48:594][  0]LogShaderLibrary: Display: ShaderCodeLibraryPakFileMountedCallback: pending pak file info (ChunkID:-1 Root:root:/ File:D:/UE_Setup/UE_4.27/FeaturePacks/StarterContent.upack)
[2024.06.13-12.14.48:594][  0]LogPakFile: OnPakFileMounted2Time == 0.000028
[2024.06.13-12.14.48:594][  0]LogPakFile: PakFile PrimaryIndexSize=190
[2024.06.13-12.14.48:594][  0]LogPakFile: PakFile PathHashIndexSize=101
[2024.06.13-12.14.48:594][  0]LogPakFile: PakFile FullDirectoryIndexSize=154
[2024.06.13-12.14.48:594][  0]LogShaderLibrary: Display: ShaderCodeLibraryPakFileMountedCallback: PakFile 'D:/UE_Setup/UE_4.27/FeaturePacks/TP_2DSideScroller.upack' (chunk index -1, root 'root:/') mounted
[2024.06.13-12.14.48:594][  0]LogShaderLibrary: Display: ShaderCodeLibraryPakFileMountedCallback: pending pak file info (ChunkID:-1 Root:root:/ File:D:/UE_Setup/UE_4.27/FeaturePacks/TP_2DSideScroller.upack)
[2024.06.13-12.14.48:594][  0]LogPakFile: OnPakFileMounted2Time == 0.000029
[2024.06.13-12.14.48:595][  0]LogPakFile: PakFile PrimaryIndexSize=192
[2024.06.13-12.14.48:595][  0]LogPakFile: PakFile PathHashIndexSize=101
[2024.06.13-12.14.48:595][  0]LogPakFile: PakFile FullDirectoryIndexSize=158
[2024.06.13-12.14.48:595][  0]LogShaderLibrary: Display: ShaderCodeLibraryPakFileMountedCallback: PakFile 'D:/UE_Setup/UE_4.27/FeaturePacks/TP_2DSideScrollerBP.upack' (chunk index -1, root 'root:/') mounted
[2024.06.13-12.14.48:595][  0]LogShaderLibrary: Display: ShaderCodeLibraryPakFileMountedCallback: pending pak file info (ChunkID:-1 Root:root:/ File:D:/UE_Setup/UE_4.27/FeaturePacks/TP_2DSideScrollerBP.upack)
[2024.06.13-12.14.48:595][  0]LogPakFile: OnPakFileMounted2Time == 0.000026
[2024.06.13-12.14.48:595][  0]LogPakFile: PakFile PrimaryIndexSize=182
[2024.06.13-12.14.48:595][  0]LogPakFile: PakFile PathHashIndexSize=101
[2024.06.13-12.14.48:595][  0]LogPakFile: PakFile FullDirectoryIndexSize=138
[2024.06.13-12.14.48:595][  0]LogShaderLibrary: Display: ShaderCodeLibraryPakFileMountedCallback: PakFile 'D:/UE_Setup/UE_4.27/FeaturePacks/TP_Flying.upack' (chunk index -1, root 'root:/') mounted
[2024.06.13-12.14.48:595][  0]LogShaderLibrary: Display: ShaderCodeLibraryPakFileMountedCallback: pending pak file info (ChunkID:-1 Root:root:/ File:D:/UE_Setup/UE_4.27/FeaturePacks/TP_Flying.upack)
[2024.06.13-12.14.48:595][  0]LogPakFile: OnPakFileMounted2Time == 0.000027
[2024.06.13-12.14.48:595][  0]LogPakFile: PakFile PrimaryIndexSize=184
[2024.06.13-12.14.48:595][  0]LogPakFile: PakFile PathHashIndexSize=101
[2024.06.13-12.14.48:595][  0]LogPakFile: PakFile FullDirectoryIndexSize=142
[2024.06.13-12.14.48:596][  0]LogShaderLibrary: Display: ShaderCodeLibraryPakFileMountedCallback: PakFile 'D:/UE_Setup/UE_4.27/FeaturePacks/TP_FlyingBP.upack' (chunk index -1, root 'root:/') mounted
[2024.06.13-12.14.48:596][  0]LogShaderLibrary: Display: ShaderCodeLibraryPakFileMountedCallback: pending pak file info (ChunkID:-1 Root:root:/ File:D:/UE_Setup/UE_4.27/FeaturePacks/TP_FlyingBP.upack)
[2024.06.13-12.14.48:596][  0]LogPakFile: OnPakFileMounted2Time == 0.000027
[2024.06.13-12.14.48:596][  0]LogPakFile: PakFile PrimaryIndexSize=188
[2024.06.13-12.14.48:596][  0]LogPakFile: PakFile PathHashIndexSize=101
[2024.06.13-12.14.48:596][  0]LogPakFile: PakFile FullDirectoryIndexSize=150
[2024.06.13-12.14.48:596][  0]LogShaderLibrary: Display: ShaderCodeLibraryPakFileMountedCallback: PakFile 'D:/UE_Setup/UE_4.27/FeaturePacks/TP_HandheldARBP.upack' (chunk index -1, root 'root:/') mounted
[2024.06.13-12.14.48:596][  0]LogShaderLibrary: Display: ShaderCodeLibraryPakFileMountedCallback: pending pak file info (ChunkID:-1 Root:root:/ File:D:/UE_Setup/UE_4.27/FeaturePacks/TP_HandheldARBP.upack)
[2024.06.13-12.14.48:596][  0]LogPakFile: OnPakFileMounted2Time == 0.000028
[2024.06.13-12.14.48:596][  0]LogPakFile: PakFile PrimaryIndexSize=182
[2024.06.13-12.14.48:596][  0]LogPakFile: PakFile PathHashIndexSize=101
[2024.06.13-12.14.48:596][  0]LogPakFile: PakFile FullDirectoryIndexSize=138
[2024.06.13-12.14.48:596][  0]LogShaderLibrary: Display: ShaderCodeLibraryPakFileMountedCallback: PakFile 'D:/UE_Setup/UE_4.27/FeaturePacks/TP_Puzzle.upack' (chunk index -1, root 'root:/') mounted
[2024.06.13-12.14.48:596][  0]LogShaderLibrary: Display: ShaderCodeLibraryPakFileMountedCallback: pending pak file info (ChunkID:-1 Root:root:/ File:D:/UE_Setup/UE_4.27/FeaturePacks/TP_Puzzle.upack)
[2024.06.13-12.14.48:596][  0]LogPakFile: OnPakFileMounted2Time == 0.000026
[2024.06.13-12.14.48:597][  0]LogPakFile: PakFile PrimaryIndexSize=184
[2024.06.13-12.14.48:597][  0]LogPakFile: PakFile PathHashIndexSize=101
[2024.06.13-12.14.48:597][  0]LogPakFile: PakFile FullDirectoryIndexSize=142
[2024.06.13-12.14.48:597][  0]LogShaderLibrary: Display: ShaderCodeLibraryPakFileMountedCallback: PakFile 'D:/UE_Setup/UE_4.27/FeaturePacks/TP_PuzzleBP.upack' (chunk index -1, root 'root:/') mounted
[2024.06.13-12.14.48:597][  0]LogShaderLibrary: Display: ShaderCodeLibraryPakFileMountedCallback: pending pak file info (ChunkID:-1 Root:root:/ File:D:/UE_Setup/UE_4.27/FeaturePacks/TP_PuzzleBP.upack)
[2024.06.13-12.14.48:597][  0]LogPakFile: OnPakFileMounted2Time == 0.000026
[2024.06.13-12.14.48:597][  0]LogPakFile: PakFile PrimaryIndexSize=183
[2024.06.13-12.14.48:597][  0]LogPakFile: PakFile PathHashIndexSize=101
[2024.06.13-12.14.48:597][  0]LogPakFile: PakFile FullDirectoryIndexSize=140
[2024.06.13-12.14.48:597][  0]LogShaderLibrary: Display: ShaderCodeLibraryPakFileMountedCallback: PakFile 'D:/UE_Setup/UE_4.27/FeaturePacks/TP_Rolling.upack' (chunk index -1, root 'root:/') mounted
[2024.06.13-12.14.48:597][  0]LogShaderLibrary: Display: ShaderCodeLibraryPakFileMountedCallback: pending pak file info (ChunkID:-1 Root:root:/ File:D:/UE_Setup/UE_4.27/FeaturePacks/TP_Rolling.upack)
[2024.06.13-12.14.48:597][  0]LogPakFile: OnPakFileMounted2Time == 0.000026
[2024.06.13-12.14.48:598][  0]LogPakFile: PakFile PrimaryIndexSize=185
[2024.06.13-12.14.48:598][  0]LogPakFile: PakFile PathHashIndexSize=101
[2024.06.13-12.14.48:598][  0]LogPakFile: PakFile FullDirectoryIndexSize=144
[2024.06.13-12.14.48:598][  0]LogShaderLibrary: Display: ShaderCodeLibraryPakFileMountedCallback: PakFile 'D:/UE_Setup/UE_4.27/FeaturePacks/TP_RollingBP.upack' (chunk index -1, root 'root:/') mounted
[2024.06.13-12.14.48:598][  0]LogShaderLibrary: Display: ShaderCodeLibraryPakFileMountedCallback: pending pak file info (ChunkID:-1 Root:root:/ File:D:/UE_Setup/UE_4.27/FeaturePacks/TP_RollingBP.upack)
[2024.06.13-12.14.48:598][  0]LogPakFile: OnPakFileMounted2Time == 0.000026
[2024.06.13-12.14.48:598][  0]LogPakFile: PakFile PrimaryIndexSize=188
[2024.06.13-12.14.48:598][  0]LogPakFile: PakFile PathHashIndexSize=101
[2024.06.13-12.14.48:598][  0]LogPakFile: PakFile FullDirectoryIndexSize=150
[2024.06.13-12.14.48:598][  0]LogShaderLibrary: Display: ShaderCodeLibraryPakFileMountedCallback: PakFile 'D:/UE_Setup/UE_4.27/FeaturePacks/TP_SideScroller.upack' (chunk index -1, root 'root:/') mounted
[2024.06.13-12.14.48:598][  0]LogShaderLibrary: Display: ShaderCodeLibraryPakFileMountedCallback: pending pak file info (ChunkID:-1 Root:root:/ File:D:/UE_Setup/UE_4.27/FeaturePacks/TP_SideScroller.upack)
[2024.06.13-12.14.48:598][  0]LogPakFile: OnPakFileMounted2Time == 0.000029
[2024.06.13-12.14.48:598][  0]LogPakFile: PakFile PrimaryIndexSize=190
[2024.06.13-12.14.48:598][  0]LogPakFile: PakFile PathHashIndexSize=101
[2024.06.13-12.14.48:598][  0]LogPakFile: PakFile FullDirectoryIndexSize=154
[2024.06.13-12.14.48:598][  0]LogShaderLibrary: Display: ShaderCodeLibraryPakFileMountedCallback: PakFile 'D:/UE_Setup/UE_4.27/FeaturePacks/TP_SideScrollerBP.upack' (chunk index -1, root 'root:/') mounted
[2024.06.13-12.14.48:598][  0]LogShaderLibrary: Display: ShaderCodeLibraryPakFileMountedCallback: pending pak file info (ChunkID:-1 Root:root:/ File:D:/UE_Setup/UE_4.27/FeaturePacks/TP_SideScrollerBP.upack)
[2024.06.13-12.14.48:598][  0]LogPakFile: OnPakFileMounted2Time == 0.000026
[2024.06.13-12.14.48:599][  0]LogPakFile: PakFile PrimaryIndexSize=187
[2024.06.13-12.14.48:599][  0]LogPakFile: PakFile PathHashIndexSize=101
[2024.06.13-12.14.48:599][  0]LogPakFile: PakFile FullDirectoryIndexSize=148
[2024.06.13-12.14.48:599][  0]LogShaderLibrary: Display: ShaderCodeLibraryPakFileMountedCallback: PakFile 'D:/UE_Setup/UE_4.27/FeaturePacks/TP_ThirdPerson.upack' (chunk index -1, root 'root:/') mounted
[2024.06.13-12.14.48:599][  0]LogShaderLibrary: Display: ShaderCodeLibraryPakFileMountedCallback: pending pak file info (ChunkID:-1 Root:root:/ File:D:/UE_Setup/UE_4.27/FeaturePacks/TP_ThirdPerson.upack)
[2024.06.13-12.14.48:599][  0]LogPakFile: OnPakFileMounted2Time == 0.000026
[2024.06.13-12.14.48:599][  0]LogPakFile: PakFile PrimaryIndexSize=189
[2024.06.13-12.14.48:599][  0]LogPakFile: PakFile PathHashIndexSize=101
[2024.06.13-12.14.48:599][  0]LogPakFile: PakFile FullDirectoryIndexSize=152
[2024.06.13-12.14.48:599][  0]LogShaderLibrary: Display: ShaderCodeLibraryPakFileMountedCallback: PakFile 'D:/UE_Setup/UE_4.27/FeaturePacks/TP_ThirdPersonBP.upack' (chunk index -1, root 'root:/') mounted
[2024.06.13-12.14.48:599][  0]LogShaderLibrary: Display: ShaderCodeLibraryPakFileMountedCallback: pending pak file info (ChunkID:-1 Root:root:/ File:D:/UE_Setup/UE_4.27/FeaturePacks/TP_ThirdPersonBP.upack)
[2024.06.13-12.14.48:599][  0]LogPakFile: OnPakFileMounted2Time == 0.000026
[2024.06.13-12.14.48:600][  0]LogPakFile: PakFile PrimaryIndexSize=183
[2024.06.13-12.14.48:600][  0]LogPakFile: PakFile PathHashIndexSize=101
[2024.06.13-12.14.48:600][  0]LogPakFile: PakFile FullDirectoryIndexSize=140
[2024.06.13-12.14.48:600][  0]LogShaderLibrary: Display: ShaderCodeLibraryPakFileMountedCallback: PakFile 'D:/UE_Setup/UE_4.27/FeaturePacks/TP_TopDown.upack' (chunk index -1, root 'root:/') mounted
[2024.06.13-12.14.48:600][  0]LogShaderLibrary: Display: ShaderCodeLibraryPakFileMountedCallback: pending pak file info (ChunkID:-1 Root:root:/ File:D:/UE_Setup/UE_4.27/FeaturePacks/TP_TopDown.upack)
[2024.06.13-12.14.48:600][  0]LogPakFile: OnPakFileMounted2Time == 0.000034
[2024.06.13-12.14.48:600][  0]LogPakFile: PakFile PrimaryIndexSize=185
[2024.06.13-12.14.48:600][  0]LogPakFile: PakFile PathHashIndexSize=101
[2024.06.13-12.14.48:600][  0]LogPakFile: PakFile FullDirectoryIndexSize=144
[2024.06.13-12.14.48:600][  0]LogShaderLibrary: Display: ShaderCodeLibraryPakFileMountedCallback: PakFile 'D:/UE_Setup/UE_4.27/FeaturePacks/TP_TopDownBP.upack' (chunk index -1, root 'root:/') mounted
[2024.06.13-12.14.48:600][  0]LogShaderLibrary: Display: ShaderCodeLibraryPakFileMountedCallback: pending pak file info (ChunkID:-1 Root:root:/ File:D:/UE_Setup/UE_4.27/FeaturePacks/TP_TopDownBP.upack)
[2024.06.13-12.14.48:600][  0]LogPakFile: OnPakFileMounted2Time == 0.000026
[2024.06.13-12.14.48:600][  0]LogPakFile: PakFile PrimaryIndexSize=185
[2024.06.13-12.14.48:600][  0]LogPakFile: PakFile PathHashIndexSize=101
[2024.06.13-12.14.48:600][  0]LogPakFile: PakFile FullDirectoryIndexSize=144
[2024.06.13-12.14.48:600][  0]LogShaderLibrary: Display: ShaderCodeLibraryPakFileMountedCallback: PakFile 'D:/UE_Setup/UE_4.27/FeaturePacks/TP_TwinStick.upack' (chunk index -1, root 'root:/') mounted
[2024.06.13-12.14.48:600][  0]LogShaderLibrary: Display: ShaderCodeLibraryPakFileMountedCallback: pending pak file info (ChunkID:-1 Root:root:/ File:D:/UE_Setup/UE_4.27/FeaturePacks/TP_TwinStick.upack)
[2024.06.13-12.14.48:600][  0]LogPakFile: OnPakFileMounted2Time == 0.000028
[2024.06.13-12.14.48:601][  0]LogPakFile: PakFile PrimaryIndexSize=187
[2024.06.13-12.14.48:601][  0]LogPakFile: PakFile PathHashIndexSize=101
[2024.06.13-12.14.48:601][  0]LogPakFile: PakFile FullDirectoryIndexSize=148
[2024.06.13-12.14.48:601][  0]LogShaderLibrary: Display: ShaderCodeLibraryPakFileMountedCallback: PakFile 'D:/UE_Setup/UE_4.27/FeaturePacks/TP_TwinStickBP.upack' (chunk index -1, root 'root:/') mounted
[2024.06.13-12.14.48:601][  0]LogShaderLibrary: Display: ShaderCodeLibraryPakFileMountedCallback: pending pak file info (ChunkID:-1 Root:root:/ File:D:/UE_Setup/UE_4.27/FeaturePacks/TP_TwinStickBP.upack)
[2024.06.13-12.14.48:601][  0]LogPakFile: OnPakFileMounted2Time == 0.000026
[2024.06.13-12.14.48:601][  0]LogPakFile: PakFile PrimaryIndexSize=183
[2024.06.13-12.14.48:601][  0]LogPakFile: PakFile PathHashIndexSize=101
[2024.06.13-12.14.48:601][  0]LogPakFile: PakFile FullDirectoryIndexSize=140
[2024.06.13-12.14.48:601][  0]LogShaderLibrary: Display: ShaderCodeLibraryPakFileMountedCallback: PakFile 'D:/UE_Setup/UE_4.27/FeaturePacks/TP_Vehicle.upack' (chunk index -1, root 'root:/') mounted
[2024.06.13-12.14.48:601][  0]LogShaderLibrary: Display: ShaderCodeLibraryPakFileMountedCallback: pending pak file info (ChunkID:-1 Root:root:/ File:D:/UE_Setup/UE_4.27/FeaturePacks/TP_Vehicle.upack)
[2024.06.13-12.14.48:601][  0]LogPakFile: OnPakFileMounted2Time == 0.000026
[2024.06.13-12.14.48:602][  0]LogPakFile: PakFile PrimaryIndexSize=186
[2024.06.13-12.14.48:602][  0]LogPakFile: PakFile PathHashIndexSize=101
[2024.06.13-12.14.48:602][  0]LogPakFile: PakFile FullDirectoryIndexSize=146
[2024.06.13-12.14.48:602][  0]LogShaderLibrary: Display: ShaderCodeLibraryPakFileMountedCallback: PakFile 'D:/UE_Setup/UE_4.27/FeaturePacks/TP_VehicleAdv.upack' (chunk index -1, root 'root:/') mounted
[2024.06.13-12.14.48:602][  0]LogShaderLibrary: Display: ShaderCodeLibraryPakFileMountedCallback: pending pak file info (ChunkID:-1 Root:root:/ File:D:/UE_Setup/UE_4.27/FeaturePacks/TP_VehicleAdv.upack)
[2024.06.13-12.14.48:602][  0]LogPakFile: OnPakFileMounted2Time == 0.000026
[2024.06.13-12.14.48:602][  0]LogPakFile: PakFile PrimaryIndexSize=188
[2024.06.13-12.14.48:602][  0]LogPakFile: PakFile PathHashIndexSize=101
[2024.06.13-12.14.48:602][  0]LogPakFile: PakFile FullDirectoryIndexSize=150
[2024.06.13-12.14.48:602][  0]LogShaderLibrary: Display: ShaderCodeLibraryPakFileMountedCallback: PakFile 'D:/UE_Setup/UE_4.27/FeaturePacks/TP_VehicleAdvBP.upack' (chunk index -1, root 'root:/') mounted
[2024.06.13-12.14.48:602][  0]LogShaderLibrary: Display: ShaderCodeLibraryPakFileMountedCallback: pending pak file info (ChunkID:-1 Root:root:/ File:D:/UE_Setup/UE_4.27/FeaturePacks/TP_VehicleAdvBP.upack)
[2024.06.13-12.14.48:602][  0]LogPakFile: OnPakFileMounted2Time == 0.000030
[2024.06.13-12.14.48:602][  0]LogPakFile: PakFile PrimaryIndexSize=185
[2024.06.13-12.14.48:602][  0]LogPakFile: PakFile PathHashIndexSize=101
[2024.06.13-12.14.48:602][  0]LogPakFile: PakFile FullDirectoryIndexSize=144
[2024.06.13-12.14.48:602][  0]LogShaderLibrary: Display: ShaderCodeLibraryPakFileMountedCallback: PakFile 'D:/UE_Setup/UE_4.27/FeaturePacks/TP_VehicleBP.upack' (chunk index -1, root 'root:/') mounted
[2024.06.13-12.14.48:602][  0]LogShaderLibrary: Display: ShaderCodeLibraryPakFileMountedCallback: pending pak file info (ChunkID:-1 Root:root:/ File:D:/UE_Setup/UE_4.27/FeaturePacks/TP_VehicleBP.upack)
[2024.06.13-12.14.48:602][  0]LogPakFile: OnPakFileMounted2Time == 0.000030
[2024.06.13-12.14.48:603][  0]LogPakFile: PakFile PrimaryIndexSize=192
[2024.06.13-12.14.48:603][  0]LogPakFile: PakFile PathHashIndexSize=101
[2024.06.13-12.14.48:603][  0]LogPakFile: PakFile FullDirectoryIndexSize=158
[2024.06.13-12.14.48:603][  0]LogShaderLibrary: Display: ShaderCodeLibraryPakFileMountedCallback: PakFile 'D:/UE_Setup/UE_4.27/FeaturePacks/TP_VirtualRealityBP.upack' (chunk index -1, root 'root:/') mounted
[2024.06.13-12.14.48:603][  0]LogShaderLibrary: Display: ShaderCodeLibraryPakFileMountedCallback: pending pak file info (ChunkID:-1 Root:root:/ File:D:/UE_Setup/UE_4.27/FeaturePacks/TP_VirtualRealityBP.upack)
[2024.06.13-12.14.48:603][  0]LogPakFile: OnPakFileMounted2Time == 0.000026
[2024.06.13-12.14.48:627][  0]LogNativeClassHierarchy: Verbose: Native class hierarchy updated for 'AddContentDialog' in 0.0003 seconds. Added 0 classes and 0 folders.
[2024.06.13-12.14.48:652][  0]LogSlate: Took 0.000144 seconds to synchronously load lazily loaded font '../../../Engine/Content/Slate/Fonts/Roboto-Regular.ttf' (155K)
[2024.06.13-12.14.48:653][  0]LogSlate: Took 0.000081 seconds to synchronously load lazily loaded font '../../../Engine/Content/Editor/Slate/Fonts/FontAwesome.ttf' (139K)
[2024.06.13-12.14.48:654][  0]LogSlate: Took 0.000090 seconds to synchronously load lazily loaded font '../../../Engine/Content/Slate/Fonts/Roboto-Bold.ttf' (160K)
[2024.06.13-12.14.48:722][  0]LogRenderer: Reallocating scene render targets to support 1168x540 Format 10 NumSamples 1 (Frame:1).
[2024.06.13-12.14.49:107][  0]LogSlate: Took 0.000187 seconds to synchronously load lazily loaded font '../../../Engine/Content/Slate/Fonts/Roboto-Light.ttf' (167K)
[2024.06.13-12.14.49:178][  0]LogNativeClassHierarchy: Verbose: Native class hierarchy updated for 'HierarchicalLODOutliner' in 0.0003 seconds. Added 0 classes and 0 folders.
[2024.06.13-12.14.49:178][  0]LogInput: Warning: Action Jump uses invalid key OculusGo_Left_Trigger_Click.
[2024.06.13-12.14.49:178][  0]LogInput: Warning: Action ResetVR uses invalid key OculusGo_Left_Trackpad_Click.
[2024.06.13-12.14.49:178][  0]LogInput: Warning: Use -RemoveInvalidKeys to remove instances of these keys from the action mapping.
[2024.06.13-12.14.49:178][  0]LogLoad: (Engine Initialization) Total time: 6.49 seconds
[2024.06.13-12.14.49:178][  0]LogLoad: (Engine Initialization) Total Blueprint compile time: 0.00 seconds
[2024.06.13-12.14.49:216][  0]LogAssetRegistry: Asset discovery search completed in 4.1337 seconds
[2024.06.13-12.14.49:220][  0]LogCollectionManager: Fixed up redirectors for 0 collections in 0.000003 seconds (updated 0 objects)
[2024.06.13-12.14.49:221][  0]LogContentStreaming: Texture pool size now 1000 MB
[2024.06.13-12.18.27:737][588]LogTemp: Repeating last play command: Selected Viewport
[2024.06.13-12.18.27:740][588]LogPlayLevel: PlayLevel: No blueprints needed recompiling
[2024.06.13-12.18.27:740][588]PIE: New page: PIE session: ThirdPersonExampleMap (Jun 13, 2024, 10:18:27 PM)
[2024.06.13-12.18.27:742][588]LogOnline: OSS: Creating online subsystem instance for: NULL
[2024.06.13-12.18.27:742][588]LogOnline: OSS: TryLoadSubsystemAndSetDefault: Loaded subsystem for module [NULL]
[2024.06.13-12.18.27:743][588]LogPlayLevel: Creating play world package: /Game/ThirdPersonBP/Maps/UEDPIE_0_ThirdPersonExampleMap
[2024.06.13-12.18.27:753][588]LogPlayLevel: PIE: StaticDuplicateObject took: (0.010231s)
[2024.06.13-12.18.27:754][588]LogAIModule: Creating AISystem for world ThirdPersonExampleMap
[2024.06.13-12.18.27:754][588]LogPlayLevel: PIE: World Init took: (0.001395s)
[2024.06.13-12.18.27:754][588]LogPlayLevel: PIE: Created PIE world by copying editor world from /Game/ThirdPersonBP/Maps/ThirdPersonExampleMap.ThirdPersonExampleMap to /Game/ThirdPersonBP/Maps/UEDPIE_0_ThirdPersonExampleMap.ThirdPersonExampleMap (0.011797s)
[2024.06.13-12.18.27:760][588]LogUObjectHash: Compacting FUObjectHashTables data took   1.00ms
[2024.06.13-12.18.27:762][588]LogAudio: Display: Creating Audio Device:                 Id: 2, Scope: Unique, Realtime: True
[2024.06.13-12.18.27:762][588]LogAudioMixer: Display: Audio Mixer Platform Settings:
[2024.06.13-12.18.27:762][588]LogAudioMixer: Display: 	Sample Rate:						  48000
[2024.06.13-12.18.27:762][588]LogAudioMixer: Display: 	Callback Buffer Frame Size Requested: 1024
[2024.06.13-12.18.27:762][588]LogAudioMixer: Display: 	Callback Buffer Frame Size To Use:	  1024
[2024.06.13-12.18.27:762][588]LogAudioMixer: Display: 	Number of buffers to queue:			  2
[2024.06.13-12.18.27:762][588]LogAudioMixer: Display: 	Max Channels (voices):				  32
[2024.06.13-12.18.27:762][588]LogAudioMixer: Display: 	Number of Async Source Workers:		  0
[2024.06.13-12.18.27:762][588]LogAudio: Display: AudioDevice MaxSources: 32
[2024.06.13-12.18.27:762][588]LogAudio: Display: Audio Spatialization Plugin: None (built-in).
[2024.06.13-12.18.27:763][588]LogAudio: Display: Audio Reverb Plugin: None (built-in).
[2024.06.13-12.18.27:763][588]LogAudio: Display: Audio Occlusion Plugin: None (built-in).
[2024.06.13-12.18.27:763][588]LogAudioMixer: Display: Initializing audio mixer.
[2024.06.13-12.18.27:766][588]LogAudioMixer: Display: 0: FrontLeft
[2024.06.13-12.18.27:766][588]LogAudioMixer: Display: 1: FrontRight
[2024.06.13-12.18.27:774][588]LogAudioMixer: Display: Using Audio Device Headphones (High Definition Audio Device)
[2024.06.13-12.18.27:774][588]LogAudioMixer: Display: Initializing Sound Submixes...
[2024.06.13-12.18.27:774][588]LogAudioMixer: Display: Creating Master Submix 'MasterSubmixDefault'
[2024.06.13-12.18.27:774][588]LogAudioMixer: Display: Creating Master Submix 'MasterReverbSubmixDefault'
[2024.06.13-12.18.27:775][588]LogAudioMixer: Display: Creating Master Submix 'MasterEQSubmixDefault'
[2024.06.13-12.18.27:775][588]LogAudioMixer: FMixerPlatformXAudio2::StartAudioStream() called
[2024.06.13-12.18.27:775][588]LogAudioMixer: Display: Output buffers initialized: Frames=1024, Channels=2, Samples=2048
[2024.06.13-12.18.27:775][588]LogAudioMixer: Display: Starting AudioMixerPlatformInterface::RunInternal()
[2024.06.13-12.18.27:775][588]LogAudioMixer: Display: FMixerPlatformXAudio2::SubmitBuffer() called for the first time
[2024.06.13-12.18.27:775][588]LogInit: FAudioDevice initialized.
[2024.06.13-12.18.27:775][588]LogAudio: Display: Audio Device (ID: 2) registered with world 'ThirdPersonExampleMap'.
[2024.06.13-12.18.27:786][588]LogLoad: Game class is 'ThirdPersonGameMode_C'
[2024.06.13-12.18.27:788][588]LogWorld: Bringing World /Game/ThirdPersonBP/Maps/UEDPIE_0_ThirdPersonExampleMap.ThirdPersonExampleMap up for play (max tick rate 0) at 2024.06.13-17.18.27
[2024.06.13-12.18.27:788][588]LogWorld: Bringing up level for play took: 0.001021
[2024.06.13-12.18.27:788][588]LogOnline: OSS: Creating online subsystem instance for: :Context_2
[2024.06.13-12.18.27:801][588]LogNativeClassHierarchy: Verbose: Native class hierarchy updated for 'MovieSceneCapture' in 0.0003 seconds. Added 20 classes and 0 folders.
[2024.06.13-12.18.27:802][588]PIE: Server logged in
[2024.06.13-12.18.27:803][588]PIE: Play in editor total start time 0.064 seconds.
[2024.06.13-12.18.32:360][128]LogSlate: Updating window title bar state: overlay mode, drag disabled, window buttons hidden, title bar hidden
[2024.06.13-12.18.32:360][128]LogWorld: BeginTearingDown for /Game/ThirdPersonBP/Maps/UEDPIE_0_ThirdPersonExampleMap
[2024.06.13-12.18.32:360][128]LogWorld: UWorld::CleanupWorld for ThirdPersonExampleMap, bSessionEnded=true, bCleanupResources=true
[2024.06.13-12.18.32:360][128]LogSlate: InvalidateAllWidgets triggered.  All widgets were invalidated
[2024.06.13-12.18.32:370][128]LogPlayLevel: Display: Shutting down PIE online subsystems
[2024.06.13-12.18.32:371][128]LogSlate: InvalidateAllWidgets triggered.  All widgets were invalidated
[2024.06.13-12.18.32:375][128]LogAudio: Display: Audio Device unregistered from world 'None'.
[2024.06.13-12.18.32:375][128]LogAudioMixer: FMixerPlatformXAudio2::StopAudioStream() called
[2024.06.13-12.18.32:376][128]LogAudioMixer: FMixerPlatformXAudio2::StopAudioStream() called
[2024.06.13-12.18.32:378][128]LogSlate: Updating window title bar state: overlay mode, drag disabled, window buttons hidden, title bar hidden
[2024.06.13-12.18.32:379][128]LogUObjectHash: Compacting FUObjectHashTables data took   0.88ms
[2024.06.13-12.18.32:428][132]LogPlayLevel: Display: Destroying online subsystem :Context_2
